#
# A fatal error has been detected by the Java Runtime Environment:
#
#  SIGSEGV (0xb) at pc=0x00007f76a905afba, pid=25394, tid=140147221677824
#
# JRE version: 7.0_25-b15
# Java VM: Java HotSpot(TM) 64-Bit Server VM (23.25-b01 mixed mode linux-amd64 compressed oops)
# Problematic frame:
# v  ~BufferBlob::jni_fast_GetLongField
#
# Failed to write core dump. Core dumps have been disabled. To enable core dumping, try "ulimit -c unlimited" before starting Java again
#
# If you would like to submit a bug report, please visit:
#   http://bugreport.sun.com/bugreport/crash.jsp
# The crash happened outside the Java Virtual Machine in native code.
# See problematic frame for where to report the bug.
#

---------------  T H R E A D  ---------------

Current thread (0x00007f76ac688000):  JavaThread "AWT-XAWT" daemon [_thread_in_native, id=25431, stack(0x00007f76914d4000,0x00007f76915d5000)]

siginfo:si_signo=SIGSEGV: si_errno=0, si_code=1 (SEGV_MAPERR), si_addr=0x0000000000000000

Registers:
RAX=0x00007f76b3ed8c40, RBX=0x000000077fd39428, RCX=0x00007f76b491e300, RDX=0x0000000000000042
RSP=0x00007f76915d3508, RBP=0x00007f76915d3530, RSI=0x0000000000000000, RDI=0x00007f76ac6881d8
R8 =0x00000007db5eea78, R9 =0x0000000000000000, R10=0x0000000000000094, R11=0x00007f76925ce760
R12=0x00007f76ac6881d8, R13=0x0000000000000000, R14=0x00007f7692d41fc0, R15=0x00007f76ac688000
RIP=0x00007f76a905afba, EFLAGS=0x0000000000010246, CSGSFS=0x0000000000000033, ERR=0x0000000000000004
  TRAPNO=0x000000000000000e

Top of Stack: (sp=0x00007f76915d3508)
0x00007f76915d3508:   00007f7692b0c711 000000077fd39428
0x00007f76915d3518:   00007f7650016d90 000000077fd39428
0x00007f76915d3528:   00007f76915d3618 0000000000000000
0x00007f76915d3538:   00007f76925ce7b8 000000077fd39428
0x00007f76915d3548:   00007f76915d3570 0000000000000000
0x00007f76915d3558:   00007f76925c60c3 000000077fd39428
0x00007f76915d3568:   00007f7692b025df 00007f76915d35e0
0x00007f76915d3578:   00007f76a9011f90 0000000000000000
0x00007f76915d3588:   0000000000000000 00007f76915d35f0
0x00007f76915d3598:   00007f76a9006158 00007f76915d35a0
0x00007f76915d35a8:   0000000000000000 00007f76915d3618
0x00007f76915d35b8:   000000077fd3fc30 0000000000000000
0x00007f76915d35c8:   000000077fd39428 0000000000000000
0x00007f76915d35d8:   00007f76915d3600 00007f76915d3660
0x00007f76915d35e8:   00007f76a9006450 0000000784d745d0
0x00007f76915d35f8:   00007f76a900edc0 0000000000000000
0x00007f76915d3608:   00007f76915d3660 00007f7664002330
0x00007f76915d3618:   0000000785172138 00007f76915d3620
0x00007f76915d3628:   000000077fc54ab9 00007f76915d36a8
0x00007f76915d3638:   000000077fc612b0 00000007812e0258
0x00007f76915d3648:   000000077fc54b70 00007f76915d3600
0x00007f76915d3658:   00007f76915d36a0 00007f76915d36f0
0x00007f76915d3668:   00007f76a9006158 0000000000000000
0x00007f76915d3678:   0000000000000000 0000000000000000
0x00007f76915d3688:   0000000000000000 0000000000000000
0x00007f76915d3698:   0000000785172138 deaddeaf00000000
0x00007f76915d36a8:   00000007db0e8378 00007f76915d36b0
0x00007f76915d36b8:   000000077fc547b5 00007f76915d3700
0x00007f76915d36c8:   000000077fc612b0 0000000000000000
0x00007f76915d36d8:   000000077fc547c0 00007f76915d36a0
0x00007f76915d36e8:   00007f76915d3700 00007f76915d3748
0x00007f76915d36f8:   00007f76a9006806 00000007db0e8378 

Instructions: (pc=0x00007f76a905afba)
0x00007f76a905af9a:   00 00 00 00 00 00 44 8b 15 81 52 ea 0a 4c 8b ce
0x00007f76a905afaa:   41 f6 c2 01 0f 85 2e 00 00 00 4d 33 ca 4d 33 ca
0x00007f76a905afba:   4d 8b 09 4c 8b da 49 c1 eb 02 4b 8b 04 19 49 bb
0x00007f76a905afca:   28 02 f0 b3 76 7f 00 00 4c 33 d8 4c 33 d8 45 3b 

Register to memory mapping:

RAX=0x00007f76b3ed8c40: <offset 0xcccc40> in /usr/java/jdk1.7.0_25/jre/lib/amd64/server/libjvm.so at 0x00007f76b320c000
RBX=0x000000077fd39428 is an oop
{method} 
 - klass: {other class}
RCX=0x00007f76b491e300: <offset 0x218300> in /lib64/libpthread.so.0 at 0x00007f76b4706000
RDX=0x0000000000000042 is an unknown value
RSP=0x00007f76915d3508 is pointing into the stack for thread: 0x00007f76ac688000
RBP=0x00007f76915d3530 is pointing into the stack for thread: 0x00007f76ac688000
RSI=0x0000000000000000 is an unknown value
RDI=0x00007f76ac6881d8 is an unknown value
R8 =0x00000007db5eea78 is an oop
java.util.TreeMap$Entry 
 - klass: 'java/util/TreeMap$Entry'
R9 =0x0000000000000000 is an unknown value
R10=0x0000000000000094 is an unknown value
R11=0x00007f76925ce760: _XimServerDestroy+0 in /lib64/libX11.so.6 at 0x00007f7692565000
R12=0x00007f76ac6881d8 is an unknown value
R13=0x0000000000000000 is an unknown value
R14=0x00007f7692d41fc0: <offset 0x253fc0> in /usr/java/jdk1.7.0_25/jre/lib/amd64/xawt/libmawt.so at 0x00007f7692aee000
R15=0x00007f76ac688000 is a thread


Stack: [0x00007f76914d4000,0x00007f76915d5000],  sp=0x00007f76915d3508,  free space=1021k
Native frames: (J=compiled Java code, j=interpreted, Vv=VM code, C=native code)
v  ~BufferBlob::jni_fast_GetLongField

Java frames: (J=compiled Java code, j=interpreted, Vv=VM code)
j  sun.awt.X11.XlibWrapper.XFilterEvent(JJ)Z+0
j  sun.awt.X11.XToolkit.run(Z)V+297
j  sun.awt.X11.XToolkit.run()V+5
j  java.lang.Thread.run()V+11
v  ~StubRoutines::call_stub

---------------  P R O C E S S  ---------------

Java Threads: ( => current thread )
  0x00007f76ac00d800 JavaThread "DestroyJavaVM" [_thread_blocked, id=25398, stack(0x00007f76b4a03000,0x00007f76b4b04000)]
  0x00007f76aca6e800 JavaThread "Thread-1" [_thread_blocked, id=25437, stack(0x00007f767d78f000,0x00007f767d890000)]
  0x00007f76ac894000 JavaThread "Timer-0" [_thread_blocked, id=25436, stack(0x00007f7690047000,0x00007f7690148000)]
  0x00007f7650022800 JavaThread "TimerQueue" daemon [_thread_blocked, id=25435, stack(0x00007f7690148000,0x00007f7690249000)]
=>0x00007f76ac688000 JavaThread "AWT-XAWT" daemon [_thread_in_native, id=25431, stack(0x00007f76914d4000,0x00007f76915d5000)]
  0x00007f76ac656800 JavaThread "Java2D Disposer" daemon [_thread_blocked, id=25430, stack(0x00007f7691a1f000,0x00007f7691b20000)]
  0x00007f76ac0f6800 JavaThread "Service Thread" daemon [_thread_blocked, id=25428, stack(0x00007f76937b8000,0x00007f76938b9000)]
  0x00007f76ac0f4000 JavaThread "C2 CompilerThread1" daemon [_thread_blocked, id=25427, stack(0x00007f76938b9000,0x00007f76939ba000)]
  0x00007f76ac0f1800 JavaThread "C2 CompilerThread0" daemon [_thread_blocked, id=25426, stack(0x00007f76939ba000,0x00007f7693abb000)]
  0x00007f76ac0ef000 JavaThread "Signal Dispatcher" daemon [_thread_blocked, id=25425, stack(0x00007f7693abb000,0x00007f7693bbc000)]
  0x00007f76ac0a1000 JavaThread "Finalizer" daemon [_thread_blocked, id=25407, stack(0x00007f7693bbc000,0x00007f7693cbd000)]
  0x00007f76ac09e800 JavaThread "Reference Handler" daemon [_thread_blocked, id=25406, stack(0x00007f7693cbd000,0x00007f7693dbe000)]

Other Threads:
  0x00007f76ac097000 VMThread [stack: 0x00007f7693dbe000,0x00007f7693ebf000] [id=25405]
  0x00007f76ac111800 WatcherThread [stack: 0x00007f76936b7000,0x00007f76937b8000] [id=25429]

VM state:not at safepoint (normal execution)

VM Mutex/Monitor currently owned by a thread: None

Heap
 PSYoungGen      total 68480K, used 29467K [0x00000007d6e00000, 0x00000007db600000, 0x0000000800000000)
  eden space 63232K, 38% used [0x00000007d6e00000,0x00000007d85a9ca8,0x00000007dabc0000)
  from space 5248K, 99% used [0x00000007db0e0000,0x00000007db5fd1e0,0x00000007db600000)
  to   space 5248K, 0% used [0x00000007dabc0000,0x00000007dabc0000,0x00000007db0e0000)
 ParOldGen       total 84224K, used 9918K [0x0000000784a00000, 0x0000000789c40000, 0x00000007d6e00000)
  object space 84224K, 11% used [0x0000000784a00000,0x00000007853af878,0x0000000789c40000)
 PSPermGen       total 27584K, used 27549K [0x000000077f800000, 0x00000007812f0000, 0x0000000784a00000)
  object space 27584K, 99% used [0x000000077f800000,0x00000007812e7708,0x00000007812f0000)

Card table byte_map: [0x00007f76b1810000,0x00007f76b1c15000] byte_map_base: 0x00007f76adc14000

Polling page: 0x00007f76b4b40000

Code Cache  [0x00007f76a9000000, 0x00007f76a9270000, 0x00007f76ac000000)
 total_blobs=840 nmethods=301 adapters=491 free_code_cache=47855Kb largest_free_block=48955072

Compilation events (10 events):
Event: 4207.356 Thread 0x00007f76ac0f1800 nmethod 290 0x00007f76a913a090 code [0x00007f76a913a1e0, 0x00007f76a913a378]
Event: 4207.358 Thread 0x00007f76ac0f4000 nmethod 291 0x00007f76a913c3d0 code [0x00007f76a913c540, 0x00007f76a913ca98]
Event: 4252.998 Thread 0x00007f76ac0f1800  292             sun.awt.X11.XEvent::get_xany (22 bytes)
Event: 4253.000 Thread 0x00007f76ac0f1800 nmethod 292 0x00007f76a913bd50 code [0x00007f76a913bee0, 0x00007f76a913c110]
Event: 4412.970 Thread 0x00007f76ac0f4000  293   !         sun.awt.X11.XToolkit::getNextTaskTime (55 bytes)
Event: 4412.974 Thread 0x00007f76ac0f4000 nmethod 293 0x00007f76a9137990 code [0x00007f76a9137b20, 0x00007f76a9137df0]
Event: 4897.892 Thread 0x00007f76ac0f1800  295             org.apache.log4j.Category::getEffectiveLevel (28 bytes)
Event: 4897.893 Thread 0x00007f76ac0f1800 nmethod 295 0x00007f76a9139dd0 code [0x00007f76a9139f00, 0x00007f76a9139f98]
Event: 6095.393 Thread 0x00007f76ac0f4000   24 % !         sun.awt.X11.XToolkit::run @ 59 (407 bytes)
Event: 6095.465 Thread 0x00007f76ac0f4000 nmethod 24% 0x00007f76a9145d50 code [0x00007f76a91466a0, 0x00007f76a914a6a8]

GC Heap History (8 events):
Event: 2.396 GC heap before
{Heap before GC invocations=1 (full 0):
 PSYoungGen      total 36864K, used 31616K [0x00000007d6e00000, 0x00000007d9720000, 0x0000000800000000)
  eden space 31616K, 100% used [0x00000007d6e00000,0x00000007d8ce0000,0x00000007d8ce0000)
  from space 5248K, 0% used [0x00000007d9200000,0x00000007d9200000,0x00000007d9720000)
  to   space 5248K, 0% used [0x00000007d8ce0000,0x00000007d8ce0000,0x00000007d9200000)
 ParOldGen       total 84224K, used 0K [0x0000000784a00000, 0x0000000789c40000, 0x00000007d6e00000)
  object space 84224K, 0% used [0x0000000784a00000,0x0000000784a00000,0x0000000789c40000)
 PSPermGen       total 21248K, used 15547K [0x000000077f800000, 0x0000000780cc0000, 0x0000000784a00000)
  object space 21248K, 73% used [0x000000077f800000,0x000000078072ef50,0x0000000780cc0000)
Event: 2.401 GC heap after
Heap after GC invocations=1 (full 0):
 PSYoungGen      total 36864K, used 4572K [0x00000007d6e00000, 0x00000007d9720000, 0x0000000800000000)
  eden space 31616K, 0% used [0x00000007d6e00000,0x00000007d6e00000,0x00000007d8ce0000)
  from space 5248K, 87% used [0x00000007d8ce0000,0x00000007d91572d8,0x00000007d9200000)
  to   space 5248K, 0% used [0x00000007d9200000,0x00000007d9200000,0x00000007d9720000)
 ParOldGen       total 84224K, used 8K [0x0000000784a00000, 0x0000000789c40000, 0x00000007d6e00000)
  object space 84224K, 0% used [0x0000000784a00000,0x0000000784a02000,0x0000000789c40000)
 PSPermGen       total 21248K, used 15547K [0x000000077f800000, 0x0000000780cc0000, 0x0000000784a00000)
  object space 21248K, 73% used [0x000000077f800000,0x000000078072ef50,0x0000000780cc0000)
}
Event: 2.794 GC heap before
{Heap before GC invocations=2 (full 0):
 PSYoungGen      total 36864K, used 36188K [0x00000007d6e00000, 0x00000007d9720000, 0x0000000800000000)
  eden space 31616K, 100% used [0x00000007d6e00000,0x00000007d8ce0000,0x00000007d8ce0000)
  from space 5248K, 87% used [0x00000007d8ce0000,0x00000007d91572d8,0x00000007d9200000)
  to   space 5248K, 0% used [0x00000007d9200000,0x00000007d9200000,0x00000007d9720000)
 ParOldGen       total 84224K, used 8K [0x0000000784a00000, 0x0000000789c40000, 0x00000007d6e00000)
  object space 84224K, 0% used [0x0000000784a00000,0x0000000784a02000,0x0000000789c40000)
 PSPermGen       total 21248K, used 20192K [0x000000077f800000, 0x0000000780cc0000, 0x0000000784a00000)
  object space 21248K, 95% used [0x000000077f800000,0x0000000780bb81b8,0x0000000780cc0000)
Event: 2.801 GC heap after
Heap after GC invocations=2 (full 0):
 PSYoungGen      total 36864K, used 5220K [0x00000007d6e00000, 0x00000007d9720000, 0x0000000800000000)
  eden space 31616K, 0% used [0x00000007d6e00000,0x00000007d6e00000,0x00000007d8ce0000)
  from space 5248K, 99% used [0x00000007d9200000,0x00000007d9719068,0x00000007d9720000)
  to   space 5248K, 0% used [0x00000007d8ce0000,0x00000007d8ce0000,0x00000007d9200000)
 ParOldGen       total 84224K, used 1522K [0x0000000784a00000, 0x0000000789c40000, 0x00000007d6e00000)
  object space 84224K, 1% used [0x0000000784a00000,0x0000000784b7c848,0x0000000789c40000)
 PSPermGen       total 21248K, used 20192K [0x000000077f800000, 0x0000000780cc0000, 0x0000000784a00000)
  object space 21248K, 95% used [0x000000077f800000,0x0000000780bb81b8,0x0000000780cc0000)
}
Event: 3.100 GC heap before
{Heap before GC invocations=3 (full 0):
 PSYoungGen      total 36864K, used 36836K [0x00000007d6e00000, 0x00000007d9720000, 0x0000000800000000)
  eden space 31616K, 100% used [0x00000007d6e00000,0x00000007d8ce0000,0x00000007d8ce0000)
  from space 5248K, 99% used [0x00000007d9200000,0x00000007d9719068,0x00000007d9720000)
  to   space 5248K, 0% used [0x00000007d8ce0000,0x00000007d8ce0000,0x00000007d9200000)
 ParOldGen       total 84224K, used 1522K [0x0000000784a00000, 0x0000000789c40000, 0x00000007d6e00000)
  object space 84224K, 1% used [0x0000000784a00000,0x0000000784b7c848,0x0000000789c40000)
 PSPermGen       total 22976K, used 22934K [0x000000077f800000, 0x0000000780e70000, 0x0000000784a00000)
  object space 22976K, 99% used [0x000000077f800000,0x0000000780e65b28,0x0000000780e70000)
Event: 3.108 GC heap after
Heap after GC invocations=3 (full 0):
 PSYoungGen      total 36864K, used 5234K [0x00000007d6e00000, 0x00000007db600000, 0x0000000800000000)
  eden space 31616K, 0% used [0x00000007d6e00000,0x00000007d6e00000,0x00000007d8ce0000)
  from space 5248K, 99% used [0x00000007d8ce0000,0x00000007d91fcb60,0x00000007d9200000)
  to   space 5248K, 0% used [0x00000007db0e0000,0x00000007db0e0000,0x00000007db600000)
 ParOldGen       total 84224K, used 5751K [0x0000000784a00000, 0x0000000789c40000, 0x00000007d6e00000)
  object space 84224K, 6% used [0x0000000784a00000,0x0000000784f9dff8,0x0000000789c40000)
 PSPermGen       total 22976K, used 22934K [0x000000077f800000, 0x0000000780e70000, 0x0000000784a00000)
  object space 22976K, 99% used [0x000000077f800000,0x0000000780e65b28,0x0000000780e70000)
}
Event: 4.100 GC heap before
{Heap before GC invocations=4 (full 0):
 PSYoungGen      total 36864K, used 36850K [0x00000007d6e00000, 0x00000007db600000, 0x0000000800000000)
  eden space 31616K, 100% used [0x00000007d6e00000,0x00000007d8ce0000,0x00000007d8ce0000)
  from space 5248K, 99% used [0x00000007d8ce0000,0x00000007d91fcb60,0x00000007d9200000)
  to   space 5248K, 0% used [0x00000007db0e0000,0x00000007db0e0000,0x00000007db600000)
 ParOldGen       total 84224K, used 5751K [0x0000000784a00000, 0x0000000789c40000, 0x00000007d6e00000)
  object space 84224K, 6% used [0x0000000784a00000,0x0000000784f9dff8,0x0000000789c40000)
 PSPermGen       total 25856K, used 25679K [0x000000077f800000, 0x0000000781140000, 0x0000000784a00000)
  object space 25856K, 99% used [0x000000077f800000,0x0000000781113fd0,0x0000000781140000)
Event: 4.108 GC heap after
Heap after GC invocations=4 (full 0):
 PSYoungGen      total 68480K, used 5236K [0x00000007d6e00000, 0x00000007db600000, 0x0000000800000000)
  eden space 63232K, 0% used [0x00000007d6e00000,0x00000007d6e00000,0x00000007dabc0000)
  from space 5248K, 99% used [0x00000007db0e0000,0x00000007db5fd1e0,0x00000007db600000)
  to   space 5248K, 0% used [0x00000007dabc0000,0x00000007dabc0000,0x00000007db0e0000)
 ParOldGen       total 84224K, used 9918K [0x0000000784a00000, 0x0000000789c40000, 0x00000007d6e00000)
  object space 84224K, 11% used [0x0000000784a00000,0x00000007853af878,0x0000000789c40000)
 PSPermGen       total 25856K, used 25679K [0x000000077f800000, 0x0000000781140000, 0x0000000784a00000)
  object space 25856K, 99% used [0x000000077f800000,0x0000000781113fd0,0x0000000781140000)
}

Deoptimization events (10 events):
Event: 4.274 Thread 0x00007f76ac00d800 Uncommon trap -34 fr.pc 0x00007f76a906aaf8
Event: 4.274 Thread 0x00007f76ac00d800 Uncommon trap -34 fr.pc 0x00007f76a906aaf8
Event: 4.274 Thread 0x00007f76ac00d800 Uncommon trap -34 fr.pc 0x00007f76a906aaf8
Event: 4.313 Thread 0x00007f76ac00d800 Uncommon trap -83 fr.pc 0x00007f76a91330e8
Event: 4.313 Thread 0x00007f76ac00d800 Uncommon trap -83 fr.pc 0x00007f76a913512c
Event: 4.327 Thread 0x00007f76ac00d800 Uncommon trap -58 fr.pc 0x00007f76a90b5280
Event: 4.327 Thread 0x00007f76ac00d800 Uncommon trap -58 fr.pc 0x00007f76a90b5280
Event: 4.327 Thread 0x00007f76ac00d800 Uncommon trap -58 fr.pc 0x00007f76a90b5280
Event: 4.327 Thread 0x00007f76ac00d800 Uncommon trap -58 fr.pc 0x00007f76a90b5280
Event: 9821.420 Thread 0x00007f76ac688000 Uncommon trap -34 fr.pc 0x00007f76a91497b8

Internal exceptions (10 events):
Event: 4.354 Thread 0x00007f76ac00d800 Threw 0x00000007d7ff4920 at /HUDSON/workspace/jdk7u25-2-build-linux-amd64-product/jdk7u25/hotspot/src/share/vm/prims/jvm.cpp:1235
Event: 4.354 Thread 0x00007f76ac00d800 Threw 0x00000007d8004ea0 at /HUDSON/workspace/jdk7u25-2-build-linux-amd64-product/jdk7u25/hotspot/src/share/vm/prims/jvm.cpp:1235
Event: 4.355 Thread 0x00007f76ac00d800 Threw 0x00000007d8012688 at /HUDSON/workspace/jdk7u25-2-build-linux-amd64-product/jdk7u25/hotspot/src/share/vm/prims/jvm.cpp:1235
Event: 4.357 Thread 0x00007f76ac00d800 Threw 0x00000007d8032878 at /HUDSON/workspace/jdk7u25-2-build-linux-amd64-product/jdk7u25/hotspot/src/share/vm/prims/jvm.cpp:1235
Event: 4.358 Thread 0x00007f76ac00d800 Threw 0x00000007d804dff0 at /HUDSON/workspace/jdk7u25-2-build-linux-amd64-product/jdk7u25/hotspot/src/share/vm/prims/jvm.cpp:1235
Event: 4.360 Thread 0x00007f76ac00d800 Threw 0x00000007d8077b78 at /HUDSON/workspace/jdk7u25-2-build-linux-amd64-product/jdk7u25/hotspot/src/share/vm/prims/jvm.cpp:1235
Event: 4.361 Thread 0x00007f76ac00d800 Threw 0x00000007d8089a98 at /HUDSON/workspace/jdk7u25-2-build-linux-amd64-product/jdk7u25/hotspot/src/share/vm/prims/jvm.cpp:1235
Event: 4.362 Thread 0x00007f76ac00d800 Threw 0x00000007d809a268 at /HUDSON/workspace/jdk7u25-2-build-linux-amd64-product/jdk7u25/hotspot/src/share/vm/prims/jvm.cpp:1235
Event: 4.362 Thread 0x00007f76ac00d800 Threw 0x00000007d80a3bb0 at /HUDSON/workspace/jdk7u25-2-build-linux-amd64-product/jdk7u25/hotspot/src/share/vm/prims/jvm.cpp:1235
Event: 4.366 Thread 0x00007f76ac00d800 Threw 0x00000007d80b9250 at /HUDSON/workspace/jdk7u25-2-build-linux-amd64-product/jdk7u25/hotspot/src/share/vm/prims/jvm.cpp:1235

Events (10 events):
Event: 10.060 loading class 0x00007f76ac629720 done
Event: 10.060 loading class 0x00007f76ac6296f0
Event: 10.060 loading class 0x00007f76ac6296f0 done
Event: 1353.602 Thread 0x00007f76ac0f1800 flushing nmethod 0x00007f76a90e6c50
Event: 1353.602 Thread 0x00007f76ac0f1800 flushing nmethod 0x00007f76a90e7010
Event: 1353.602 Thread 0x00007f76ac0f1800 flushing nmethod 0x00007f76a90e79d0
Event: 9821.420 Thread 0x00007f76ac688000 DEOPT PACKING pc=0x00007f76a91497b8 sp=0x00007f76915d3610
Event: 9821.420 Thread 0x00007f76ac688000 DEOPT UNPACKING pc=0x00007f76a9039145 sp=0x00007f76915d3580 mode 2
Event: 9821.420 loading class 0x00007f7664001410
Event: 9821.420 loading class 0x00007f7664001410 done


Dynamic libraries:
00400000-00401000 r-xp 00000000 fd:01 1843816                            /usr/java/jdk1.7.0_25/bin/java
00600000-00601000 rw-p 00000000 fd:01 1843816                            /usr/java/jdk1.7.0_25/bin/java
017c4000-017e5000 rw-p 00000000 00:00 0                                  [heap]
77f800000-780cc0000 rw-p 00000000 00:00 0 
780cc0000-780cf0000 rw-p 00000000 00:00 0 
780cf0000-780d20000 rw-p 00000000 00:00 0 
780d20000-780d50000 rw-p 00000000 00:00 0 
780d50000-780d80000 rw-p 00000000 00:00 0 
780d80000-780db0000 rw-p 00000000 00:00 0 
780db0000-780de0000 rw-p 00000000 00:00 0 
780de0000-780e10000 rw-p 00000000 00:00 0 
780e10000-780e40000 rw-p 00000000 00:00 0 
780e40000-780e70000 rw-p 00000000 00:00 0 
780e70000-780ea0000 rw-p 00000000 00:00 0 
780ea0000-780ed0000 rw-p 00000000 00:00 0 
780ed0000-780f00000 rw-p 00000000 00:00 0 
780f00000-780f30000 rw-p 00000000 00:00 0 
780f30000-780f60000 rw-p 00000000 00:00 0 
780f60000-780f90000 rw-p 00000000 00:00 0 
780f90000-780fc0000 rw-p 00000000 00:00 0 
780fc0000-780ff0000 rw-p 00000000 00:00 0 
780ff0000-781020000 rw-p 00000000 00:00 0 
781020000-781050000 rw-p 00000000 00:00 0 
781050000-781080000 rw-p 00000000 00:00 0 
781080000-7810b0000 rw-p 00000000 00:00 0 
7810b0000-7810e0000 rw-p 00000000 00:00 0 
7810e0000-781110000 rw-p 00000000 00:00 0 
781110000-781140000 rw-p 00000000 00:00 0 
781140000-781170000 rw-p 00000000 00:00 0 
781170000-7811a0000 rw-p 00000000 00:00 0 
7811a0000-7811d0000 rw-p 00000000 00:00 0 
7811d0000-781200000 rw-p 00000000 00:00 0 
781200000-781230000 rw-p 00000000 00:00 0 
781230000-781260000 rw-p 00000000 00:00 0 
781260000-781290000 rw-p 00000000 00:00 0 
781290000-7812c0000 rw-p 00000000 00:00 0 
7812c0000-7812f0000 rw-p 00000000 00:00 0 
7812f0000-784a00000 rw-p 00000000 00:00 0 
784a00000-789c40000 rw-p 00000000 00:00 0 
789c40000-7d6e00000 rw-p 00000000 00:00 0 
7d6e00000-7d9720000 rw-p 00000000 00:00 0 
7d9720000-7db600000 rw-p 00000000 00:00 0 
7db600000-800000000 rw-p 00000000 00:00 0 
7f7640000000-7f76400f2000 rw-p 00000000 00:00 0 
7f76400f2000-7f7644000000 ---p 00000000 00:00 0 
7f7648000000-7f7648021000 rw-p 00000000 00:00 0 
7f7648021000-7f764c000000 ---p 00000000 00:00 0 
7f764c000000-7f764c021000 rw-p 00000000 00:00 0 
7f764c021000-7f7650000000 ---p 00000000 00:00 0 
7f7650000000-7f7650031000 rw-p 00000000 00:00 0 
7f7650031000-7f7654000000 ---p 00000000 00:00 0 
7f7654000000-7f7654021000 rw-p 00000000 00:00 0 
7f7654021000-7f7658000000 ---p 00000000 00:00 0 
7f7658000000-7f7658061000 rw-p 00000000 00:00 0 
7f7658061000-7f765c000000 ---p 00000000 00:00 0 
7f765c000000-7f765c021000 rw-p 00000000 00:00 0 
7f765c021000-7f7660000000 ---p 00000000 00:00 0 
7f7660000000-7f7660021000 rw-p 00000000 00:00 0 
7f7660021000-7f7664000000 ---p 00000000 00:00 0 
7f7664000000-7f7664021000 rw-p 00000000 00:00 0 
7f7664021000-7f7668000000 ---p 00000000 00:00 0 
7f7668000000-7f7668021000 rw-p 00000000 00:00 0 
7f7668021000-7f766c000000 ---p 00000000 00:00 0 
7f766c000000-7f766c021000 rw-p 00000000 00:00 0 
7f766c021000-7f7670000000 ---p 00000000 00:00 0 
7f7670000000-7f76707e9000 rw-p 00000000 00:00 0 
7f76707e9000-7f7674000000 ---p 00000000 00:00 0 
7f7674000000-7f7674b91000 rw-p 00000000 00:00 0 
7f7674b91000-7f7678000000 ---p 00000000 00:00 0 
7f7678000000-7f7678021000 rw-p 00000000 00:00 0 
7f7678021000-7f767c000000 ---p 00000000 00:00 0 
7f767d68e000-7f767d691000 ---p 00000000 00:00 0 
7f767d691000-7f767d78f000 rw-p 00000000 00:00 0 
7f767d78f000-7f767d792000 ---p 00000000 00:00 0 
7f767d792000-7f767d890000 rw-p 00000000 00:00 0                          [stack:25437]
7f767d890000-7f767d8c2000 r-xp 00000000 fd:01 150600                     /usr/java/jdk1.7.0_25/jre/lib/amd64/libsunec.so
7f767d8c2000-7f767dac1000 ---p 00032000 fd:01 150600                     /usr/java/jdk1.7.0_25/jre/lib/amd64/libsunec.so
7f767dac1000-7f767dac7000 rw-p 00031000 fd:01 150600                     /usr/java/jdk1.7.0_25/jre/lib/amd64/libsunec.so
7f767dac7000-7f767dad7000 rw-p 00000000 00:00 0 
7f767dad7000-7f7684000000 r--p 00000000 fd:01 1836277                    /usr/lib/locale/locale-archive
7f7684000000-7f7684021000 rw-p 00000000 00:00 0 
7f7684021000-7f7688000000 ---p 00000000 00:00 0 
7f7688000000-7f7688021000 rw-p 00000000 00:00 0 
7f7688021000-7f768c000000 ---p 00000000 00:00 0 
7f768c000000-7f768c021000 rw-p 00000000 00:00 0 
7f768c021000-7f7690000000 ---p 00000000 00:00 0 
7f7690047000-7f769004a000 ---p 00000000 00:00 0 
7f769004a000-7f7690148000 rw-p 00000000 00:00 0                          [stack:25436]
7f7690148000-7f769014b000 ---p 00000000 00:00 0 
7f769014b000-7f7690249000 rw-p 00000000 00:00 0                          [stack:25435]
7f7690249000-7f769024c000 ---p 00000000 00:00 0 
7f769024c000-7f769034a000 rw-p 00000000 00:00 0 
7f769034a000-7f769034d000 ---p 00000000 00:00 0 
7f769034d000-7f769044b000 rw-p 00000000 00:00 0 
7f769044b000-7f76904b3000 r-xp 00000000 fd:01 150601                     /usr/java/jdk1.7.0_25/jre/lib/amd64/libt2k.so
7f76904b3000-7f76906b2000 ---p 00068000 fd:01 150601                     /usr/java/jdk1.7.0_25/jre/lib/amd64/libt2k.so
7f76906b2000-7f76906b9000 rw-p 00067000 fd:01 150601                     /usr/java/jdk1.7.0_25/jre/lib/amd64/libt2k.so
7f76906b9000-7f76906c9000 rw-p 00000000 00:00 0 
7f76906c9000-7f76906df000 r-xp 00000000 fd:01 1836000                    /usr/lib64/libresolv-2.18.so
7f76906df000-7f76908df000 ---p 00016000 fd:01 1836000                    /usr/lib64/libresolv-2.18.so
7f76908df000-7f76908e0000 r--p 00016000 fd:01 1836000                    /usr/lib64/libresolv-2.18.so
7f76908e0000-7f76908e1000 rw-p 00017000 fd:01 1836000                    /usr/lib64/libresolv-2.18.so
7f76908e1000-7f76908e3000 rw-p 00000000 00:00 0 
7f76908e3000-7f76908e8000 r-xp 00000000 fd:01 1835988                    /usr/lib64/libnss_dns-2.18.so
7f76908e8000-7f7690ae7000 ---p 00005000 fd:01 1835988                    /usr/lib64/libnss_dns-2.18.so
7f7690ae7000-7f7690ae8000 r--p 00004000 fd:01 1835988                    /usr/lib64/libnss_dns-2.18.so
7f7690ae8000-7f7690ae9000 rw-p 00005000 fd:01 1835988                    /usr/lib64/libnss_dns-2.18.so
7f7690b22000-7f7690b32000 r-xp 00000000 fd:01 150592                     /usr/java/jdk1.7.0_25/jre/lib/amd64/libnio.so
7f7690b32000-7f7690d32000 ---p 00010000 fd:01 150592                     /usr/java/jdk1.7.0_25/jre/lib/amd64/libnio.so
7f7690d32000-7f7690d33000 rw-p 00010000 fd:01 150592                     /usr/java/jdk1.7.0_25/jre/lib/amd64/libnio.so
7f7690d33000-7f7690d48000 r-xp 00000000 fd:01 150591                     /usr/java/jdk1.7.0_25/jre/lib/amd64/libnet.so
7f7690d48000-7f7690f48000 ---p 00015000 fd:01 150591                     /usr/java/jdk1.7.0_25/jre/lib/amd64/libnet.so
7f7690f48000-7f7690f49000 rw-p 00015000 fd:01 150591                     /usr/java/jdk1.7.0_25/jre/lib/amd64/libnet.so
7f7690f49000-7f7690f5e000 r-xp 00000000 fd:01 1835023                    /usr/lib64/libgcc_s-4.8.2-20131212.so.1
7f7690f5e000-7f769115d000 ---p 00015000 fd:01 1835023                    /usr/lib64/libgcc_s-4.8.2-20131212.so.1
7f769115d000-7f769115e000 r--p 00014000 fd:01 1835023                    /usr/lib64/libgcc_s-4.8.2-20131212.so.1
7f769115e000-7f769115f000 rw-p 00015000 fd:01 1835023                    /usr/lib64/libgcc_s-4.8.2-20131212.so.1
7f769115f000-7f76911bf000 r-xp 00000000 fd:01 150563                     /usr/java/jdk1.7.0_25/jre/lib/amd64/libfontmanager.so
7f76911bf000-7f76913be000 ---p 00060000 fd:01 150563                     /usr/java/jdk1.7.0_25/jre/lib/amd64/libfontmanager.so
7f76913be000-7f76913c2000 rw-p 0005f000 fd:01 150563                     /usr/java/jdk1.7.0_25/jre/lib/amd64/libfontmanager.so
7f76913c2000-7f76913d3000 rw-p 00000000 00:00 0 
7f76913d3000-7f76913d6000 ---p 00000000 00:00 0 
7f76913d6000-7f76914d4000 rw-p 00000000 00:00 0 
7f76914d4000-7f76914d7000 ---p 00000000 00:00 0 
7f76914d7000-7f76915d5000 rw-p 00000000 00:00 0                          [stack:25431]
7f76915d5000-7f76915da000 r-xp 00000000 fd:01 1837282                    /usr/lib64/libXfixes.so.3.1.0
7f76915da000-7f76917d9000 ---p 00005000 fd:01 1837282                    /usr/lib64/libXfixes.so.3.1.0
7f76917d9000-7f76917da000 r--p 00004000 fd:01 1837282                    /usr/lib64/libXfixes.so.3.1.0
7f76917da000-7f76917db000 rw-p 00005000 fd:01 1837282                    /usr/lib64/libXfixes.so.3.1.0
7f76917db000-7f76917e5000 r-xp 00000000 fd:01 1837298                    /usr/lib64/libXcursor.so.1.0.2
7f76917e5000-7f76919e4000 ---p 0000a000 fd:01 1837298                    /usr/lib64/libXcursor.so.1.0.2
7f76919e4000-7f76919e5000 r--p 00009000 fd:01 1837298                    /usr/lib64/libXcursor.so.1.0.2
7f76919e5000-7f76919e6000 rw-p 0000a000 fd:01 1837298                    /usr/lib64/libXcursor.so.1.0.2
7f76919ee000-7f7691a1f000 rw-p 00000000 00:00 0 
7f7691a1f000-7f7691a22000 ---p 00000000 00:00 0 
7f7691a22000-7f7691b20000 rw-p 00000000 00:00 0                          [stack:25430]
7f7691b20000-7f7691b22000 r-xp 00000000 fd:01 1837228                    /usr/lib64/libXau.so.6.0.0
7f7691b22000-7f7691d22000 ---p 00002000 fd:01 1837228                    /usr/lib64/libXau.so.6.0.0
7f7691d22000-7f7691d23000 r--p 00002000 fd:01 1837228                    /usr/lib64/libXau.so.6.0.0
7f7691d23000-7f7691d24000 rw-p 00003000 fd:01 1837228                    /usr/lib64/libXau.so.6.0.0
7f7691d24000-7f7691d44000 r-xp 00000000 fd:01 1837274                    /usr/lib64/libxcb.so.1.1.0
7f7691d44000-7f7691f43000 ---p 00020000 fd:01 1837274                    /usr/lib64/libxcb.so.1.1.0
7f7691f43000-7f7691f44000 r--p 0001f000 fd:01 1837274                    /usr/lib64/libxcb.so.1.1.0
7f7691f44000-7f7691f45000 rw-p 00020000 fd:01 1837274                    /usr/lib64/libxcb.so.1.1.0
7f7691f45000-7f7691f54000 r-xp 00000000 fd:01 1837284                    /usr/lib64/libXi.so.6.1.0
7f7691f54000-7f7692153000 ---p 0000f000 fd:01 1837284                    /usr/lib64/libXi.so.6.1.0
7f7692153000-7f7692154000 r--p 0000e000 fd:01 1837284                    /usr/lib64/libXi.so.6.1.0
7f7692154000-7f7692155000 rw-p 0000f000 fd:01 1837284                    /usr/lib64/libXi.so.6.1.0
7f7692155000-7f769215a000 r-xp 00000000 fd:01 1837294                    /usr/lib64/libXtst.so.6.1.0
7f769215a000-7f7692359000 ---p 00005000 fd:01 1837294                    /usr/lib64/libXtst.so.6.1.0
7f7692359000-7f769235a000 r--p 00004000 fd:01 1837294                    /usr/lib64/libXtst.so.6.1.0
7f769235a000-7f769235b000 rw-p 00005000 fd:01 1837294                    /usr/lib64/libXtst.so.6.1.0
7f769235b000-7f7692364000 r-xp 00000000 fd:01 1837290                    /usr/lib64/libXrender.so.1.3.0
7f7692364000-7f7692563000 ---p 00009000 fd:01 1837290                    /usr/lib64/libXrender.so.1.3.0
7f7692563000-7f7692564000 r--p 00008000 fd:01 1837290                    /usr/lib64/libXrender.so.1.3.0
7f7692564000-7f7692565000 rw-p 00009000 fd:01 1837290                    /usr/lib64/libXrender.so.1.3.0
7f7692565000-7f769269d000 r-xp 00000000 fd:01 1837278                    /usr/lib64/libX11.so.6.3.0
7f769269d000-7f769289d000 ---p 00138000 fd:01 1837278                    /usr/lib64/libX11.so.6.3.0
7f769289d000-7f769289e000 r--p 00138000 fd:01 1837278                    /usr/lib64/libX11.so.6.3.0
7f769289e000-7f76928a3000 rw-p 00139000 fd:01 1837278                    /usr/lib64/libX11.so.6.3.0
7f76928a3000-7f76928b4000 r-xp 00000000 fd:01 1837280                    /usr/lib64/libXext.so.6.4.0
7f76928b4000-7f7692ab3000 ---p 00011000 fd:01 1837280                    /usr/lib64/libXext.so.6.4.0
7f7692ab3000-7f7692ab4000 r--p 00010000 fd:01 1837280                    /usr/lib64/libXext.so.6.4.0
7f7692ab4000-7f7692ab5000 rw-p 00011000 fd:01 1837280                    /usr/lib64/libXext.so.6.4.0
7f7692ad6000-7f7692ad9000 r--s 0002d000 fd:01 524550                     /usr/java/jdk1.7.0_25/jre/lib/ext/sunjce_provider.jar
7f7692ad9000-7f7692ada000 r--s 00003000 fd:01 524549                     /usr/java/jdk1.7.0_25/jre/lib/ext/sunec.jar
7f7692ada000-7f7692add000 r--s 00018000 fd:01 150702                     /usr/java/jdk1.7.0_25/jre/lib/jce.jar
7f7692add000-7f7692ae1000 r--s 0008a000 fd:01 150727                     /usr/java/jdk1.7.0_25/jre/lib/jsse.jar
7f7692ae1000-7f7692aed000 r--s 000b0000 fd:01 150726                     /usr/java/jdk1.7.0_25/jre/lib/resources.jar
7f7692aed000-7f7692aee000 r--p 00000000 fd:01 1835955                    /usr/share/locale/en_GB/LC_MESSAGES/libc.mo
7f7692aee000-7f7692b3e000 r-xp 00000000 fd:01 150610                     /usr/java/jdk1.7.0_25/jre/lib/amd64/xawt/libmawt.so
7f7692b3e000-7f7692d3e000 ---p 00050000 fd:01 150610                     /usr/java/jdk1.7.0_25/jre/lib/amd64/xawt/libmawt.so
7f7692d3e000-7f7692d42000 rw-p 00050000 fd:01 150610                     /usr/java/jdk1.7.0_25/jre/lib/amd64/xawt/libmawt.so
7f7692d42000-7f7692d43000 rw-p 00000000 00:00 0 
7f7692d43000-7f7692de6000 r-xp 00000000 fd:01 150559                     /usr/java/jdk1.7.0_25/jre/lib/amd64/libawt.so
7f7692de6000-7f7692fe6000 ---p 000a3000 fd:01 150559                     /usr/java/jdk1.7.0_25/jre/lib/amd64/libawt.so
7f7692fe6000-7f7692ff2000 rw-p 000a3000 fd:01 150559                     /usr/java/jdk1.7.0_25/jre/lib/amd64/libawt.so
7f7692ff2000-7f7693016000 rw-p 00000000 00:00 0 
7f7693016000-7f7693020000 r--s 00371000 fd:01 150706                     /usr/java/jdk1.7.0_25/jre/lib/charsets.jar
7f7693020000-7f769305e000 r--s 0025d000 00:30 55973996                   /homes/my301/year3/Project/SoapUI-Pro-5.1.2/SoapUI-Pro-5.1.2/bin/soapui-pro-5.1.2.jar
7f769305e000-7f7693069000 r--s 0005f000 00:30 55973945                   /homes/my301/year3/Project/SoapUI-Pro-5.1.2/SoapUI-Pro-5.1.2/lib/xstream-1.3.1.jar
7f7693069000-7f7693070000 r--s 00063000 00:30 55973925                   /homes/my301/year3/Project/SoapUI-Pro-5.1.2/SoapUI-Pro-5.1.2/lib/xom-1.1.jar
7f7693070000-7f7693073000 r--s 00015000 00:30 55973935                   /homes/my301/year3/Project/SoapUI-Pro-5.1.2/SoapUI-Pro-5.1.2/lib/xmlunit-1.2.jar
7f7693073000-7f7693083000 r--s 00086000 00:30 55973893                   /homes/my301/year3/Project/SoapUI-Pro-5.1.2/SoapUI-Pro-5.1.2/lib/xmltooling-1.3.2-1.jar
7f7693083000-7f769308f000 r--s 00063000 00:30 55973890                   /homes/my301/year3/Project/SoapUI-Pro-5.1.2/SoapUI-Pro-5.1.2/lib/xmlsec-1.4.5.jar
7f769308f000-7f76930a4000 r--s 00055000 00:30 55973842                   /homes/my301/year3/Project/SoapUI-Pro-5.1.2/SoapUI-Pro-5.1.2/lib/xmlpublic-2.4.0.jar
7f76930a4000-7f76930aa000 r--s 00019000 00:30 55973926                   /homes/my301/year3/Project/SoapUI-Pro-5.1.2/SoapUI-Pro-5.1.2/lib/xmlParserAPIs-2.6.2.jar
7f76930aa000-7f76930b2000 r--s 00028000 00:30 55973949                   /homes/my301/year3/Project/SoapUI-Pro-5.1.2/SoapUI-Pro-5.1.2/lib/xml-apis-2.9.1.jar
7f76930b2000-7f76930ba000 r--s 00028000 00:30 55973899                   /homes/my301/year3/Project/SoapUI-Pro-5.1.2/SoapUI-Pro-5.1.2/lib/xml-apis-1.3.02.jar
7f76930ba000-7f76930d2000 r--s 00115000 00:30 55973903                   /homes/my301/year3/Project/SoapUI-Pro-5.1.2/SoapUI-Pro-5.1.2/lib/xercesImpl-2.9.1.jar
7f76930d2000-7f76930d3000 r--s 00001000 00:30 55973831                   /homes/my301/year3/Project/SoapUI-Pro-5.1.2/SoapUI-Pro-5.1.2/lib/xbean_xpath-2.4.0.jar
7f76930d3000-7f7693111000 r--s 00255000 00:30 55973829                   /homes/my301/year3/Project/SoapUI-Pro-5.1.2/SoapUI-Pro-5.1.2/lib/xbean-fixed-2.4.0.jar
7f7693111000-7f7693136000 r--s 002e3000 00:30 55973897                   /homes/my301/year3/Project/SoapUI-Pro-5.1.2/SoapUI-Pro-5.1.2/lib/xalan-2.7.1.jar
7f7693136000-7f769313c000 r--s 00067000 00:30 55973889                   /homes/my301/year3/Project/SoapUI-Pro-5.1.2/SoapUI-Pro-5.1.2/lib/wss4j-1.6.14.jar
7f769313c000-7f7693140000 r--s 00020000 00:30 55973919                   /homes/my301/year3/Project/SoapUI-Pro-5.1.2/SoapUI-Pro-5.1.2/lib/wsdl4j-1.6.2-fixed.jar
7f7693140000-7f7693142000 r--s 00007000 00:30 55973951                   /homes/my301/year3/Project/SoapUI-Pro-5.1.2/SoapUI-Pro-5.1.2/lib/ws-commons-util-1.0.2.jar
7f7693142000-7f7693157000 r--s 00106000 00:30 55973930                   /homes/my301/year3/Project/SoapUI-Pro-5.1.2/SoapUI-Pro-5.1.2/lib/swingx-soapui.jar
7f7693157000-7f7693192000 rw-p 00000000 00:00 0 
7f7693192000-7f76932b6000 r--s 009e9000 00:30 55973819                   /homes/my301/year3/Project/SoapUI-Pro-5.1.2/SoapUI-Pro-5.1.2/lib/soapui-5.1.2.jar
7f76932b6000-7f76932b8000 r--s 00005000 00:30 55973894                   /homes/my301/year3/Project/SoapUI-Pro-5.1.2/SoapUI-Pro-5.1.2/lib/slf4j-api-1.6.1.jar
7f76932b8000-7f76932ba000 r--s 0001f000 00:30 55973888                   /homes/my301/year3/Project/SoapUI-Pro-5.1.2/SoapUI-Pro-5.1.2/lib/servlet-api-2.5-20081211.jar
7f76932ba000-7f76932bd000 r--s 00041000 00:30 55973898                   /homes/my301/year3/Project/SoapUI-Pro-5.1.2/SoapUI-Pro-5.1.2/lib/serializer-2.7.1.jar
7f76932bd000-7f76932bf000 r--s 0001e000 00:30 55973934                   /homes/my301/year3/Project/SoapUI-Pro-5.1.2/SoapUI-Pro-5.1.2/lib/saxon-dom-9.1.0.8j.jar
7f76932bf000-7f76932da000 r--s 004b6000 00:30 55973933                   /homes/my301/year3/Project/SoapUI-Pro-5.1.2/SoapUI-Pro-5.1.2/lib/saxon-9.1.0.8j.jar
7f76932da000-7f76932db000 r--s 00003000 00:30 55973906                   /homes/my301/year3/Project/SoapUI-Pro-5.1.2/SoapUI-Pro-5.1.2/lib/sac-1.3.jar
7f76932db000-7f76932e6000 r--s 000e2000 00:30 55973885                   /homes/my301/year3/Project/SoapUI-Pro-5.1.2/SoapUI-Pro-5.1.2/lib/rsyntaxtextarea-2.5.0.jar
7f76932e6000-7f76932e8000 r--s 0000b000 00:30 55973984                   /homes/my301/year3/Project/SoapUI-Pro-5.1.2/SoapUI-Pro-5.1.2/lib/reports-1.0.jar
7f76932e8000-7f76932eb000 r--s 0001b000 00:30 55973985                   /homes/my301/year3/Project/SoapUI-Pro-5.1.2/SoapUI-Pro-5.1.2/lib/reflections-0.9.9-RC1.jar
7f76932eb000-7f76932ee000 r--s 0002d000 00:30 55973952                   /homes/my301/year3/Project/SoapUI-Pro-5.1.2/SoapUI-Pro-5.1.2/lib/proxy-vole-20131209.jar
7f76932ee000-7f7693386000 r--s 00420000 00:30 55973979                   /homes/my301/year3/Project/SoapUI-Pro-5.1.2/SoapUI-Pro-5.1.2/lib/poi-ooxml-schemas-3.10-FINAL.jar
7f7693386000-7f7693394000 r--s 000ee000 00:30 55973978                   /homes/my301/year3/Project/SoapUI-Pro-5.1.2/SoapUI-Pro-5.1.2/lib/poi-ooxml-3.10-FINAL.jar
7f7693394000-7f76933b6000 r--s 001bb000 00:30 55973977                   /homes/my301/year3/Project/SoapUI-Pro-5.1.2/SoapUI-Pro-5.1.2/lib/poi-3.10-FINAL.jar
7f76933b6000-7f76933b8000 r--s 00001000 00:30 55973879                   /homes/my301/year3/Project/SoapUI-Pro-5.1.2/SoapUI-Pro-5.1.2/lib/out-app-analytics-provider-5.1.0.jar
7f76933b8000-7f76933b9000 r--s 00002000 00:30 55973915                   /homes/my301/year3/Project/SoapUI-Pro-5.1.2/SoapUI-Pro-5.1.2/lib/org.apache.oltu.oauth2.httpclient4-0.31.jar
7f76933b9000-7f76933bb000 r--s 0000b000 00:30 55973913                   /homes/my301/year3/Project/SoapUI-Pro-5.1.2/SoapUI-Pro-5.1.2/lib/org.apache.oltu.oauth2.common-0.31.jar
7f76933bb000-7f76933bd000 r--s 00006000 00:30 55973912                   /homes/my301/year3/Project/SoapUI-Pro-5.1.2/SoapUI-Pro-5.1.2/lib/org.apache.oltu.oauth2.client-0.31.jar
7f76933bd000-7f76933d1000 r--s 00077000 00:30 55973892                   /homes/my301/year3/Project/SoapUI-Pro-5.1.2/SoapUI-Pro-5.1.2/lib/openws-1.4.2-1.jar
7f76933d1000-7f76933f9000 r--s 00123000 00:30 55973891                   /homes/my301/year3/Project/SoapUI-Pro-5.1.2/SoapUI-Pro-5.1.2/lib/opensaml-2.5.1-1.jar
7f76933f9000-7f76933fb000 r--s 00001000 00:30 55973955                   /homes/my301/year3/Project/SoapUI-Pro-5.1.2/SoapUI-Pro-5.1.2/lib/opencsv-1.8.jar
7f76933fb000-7f7693400000 r--s 0003e000 00:30 55973920                   /homes/my301/year3/Project/SoapUI-Pro-5.1.2/SoapUI-Pro-5.1.2/lib/not-yet-commons-ssl-0.3.11.jar
7f7693400000-7f7693403000 r--s 00014000 00:30 55973976                   /homes/my301/year3/Project/SoapUI-Pro-5.1.2/SoapUI-Pro-5.1.2/lib/netcomponents-1.3.8a.jar
7f7693403000-7f7693406000 r--s 0001c000 00:30 55973904                   /homes/my301/year3/Project/SoapUI-Pro-5.1.2/SoapUI-Pro-5.1.2/lib/nekohtml-1.9.14.jar
7f7693406000-7f7693408000 r--s 00002000 00:30 55973993                   /homes/my301/year3/Project/SoapUI-Pro-5.1.2/SoapUI-Pro-5.1.2/lib/mixpanel-java-1.4.2.jar
7f7693408000-7f7693409000 r--s 00002000 00:30 55973916                   /homes/my301/year3/Project/SoapUI-Pro-5.1.2/SoapUI-Pro-5.1.2/lib/maven-plugin-api-2.0.jar
7f7693409000-7f769340f000 r--s 00059000 00:30 55973918                   /homes/my301/year3/Project/SoapUI-Pro-5.1.2/SoapUI-Pro-5.1.2/lib/mail-1.4.jar
7f769340f000-7f7693418000 r--s 0005f000 00:30 55973881                   /homes/my301/year3/Project/SoapUI-Pro-5.1.2/SoapUI-Pro-5.1.2/lib/looks-2.2.0.jar
7f7693418000-7f769341f000 r--s 00053000 00:30 55973876                   /homes/my301/year3/Project/SoapUI-Pro-5.1.2/SoapUI-Pro-5.1.2/lib/log4j-1.2.14.jar
7f769341f000-7f7693420000 r--s 00003000 00:30 55973981                   /homes/my301/year3/Project/SoapUI-Pro-5.1.2/SoapUI-Pro-5.1.2/lib/license4j-1.3.jar
7f7693420000-7f7693424000 r--s 0001b000 00:30 55973948                   /homes/my301/year3/Project/SoapUI-Pro-5.1.2/SoapUI-Pro-5.1.2/lib/l2fprod-common-fontchooser-7.3.jar
7f7693424000-7f7693426000 r--s 00011000 00:30 55973947                   /homes/my301/year3/Project/SoapUI-Pro-5.1.2/SoapUI-Pro-5.1.2/lib/l2fprod-common-directorychooser-7.3.jar
7f7693426000-7f7693427000 r--s 00003000 00:30 55973987                   /homes/my301/year3/Project/SoapUI-Pro-5.1.2/SoapUI-Pro-5.1.2/lib/keen-client-api-java-1.0.2.jar
7f7693427000-7f769342e000 r--s 00037000 00:30 55973817                   /homes/my301/year3/Project/SoapUI-Pro-5.1.2/SoapUI-Pro-5.1.2/lib/junit-4.10.jar
7f769342e000-7f7693430000 r--s 00008000 00:30 55973961                   /homes/my301/year3/Project/SoapUI-Pro-5.1.2/SoapUI-Pro-5.1.2/lib/jug-protection.jar
7f7693430000-7f7693434000 r--s 00041000 00:30 55973937                   /homes/my301/year3/Project/SoapUI-Pro-5.1.2/SoapUI-Pro-5.1.2/lib/jtidy-r872-jdk15.jar
7f7693434000-7f7693436000 r--s 0000b000 00:30 55973844                   /homes/my301/year3/Project/SoapUI-Pro-5.1.2/SoapUI-Pro-5.1.2/lib/jsr173_api-1.0.jar
7f7693436000-7f7693438000 r--s 0000c000 00:30 55973954                   /homes/my301/year3/Project/SoapUI-Pro-5.1.2/SoapUI-Pro-5.1.2/lib/json-smart-1.2.jar
7f7693438000-7f769343b000 r--s 00015000 00:30 55973953                   /homes/my301/year3/Project/SoapUI-Pro-5.1.2/SoapUI-Pro-5.1.2/lib/json-path-0.9.1.jar
7f769343b000-7f769343f000 r--s 00020000 00:30 55973923                   /homes/my301/year3/Project/SoapUI-Pro-5.1.2/SoapUI-Pro-5.1.2/lib/json-lib-2.2.2-jdk15.jar
7f769343f000-7f7693441000 r--s 0000a000 00:30 55973994                   /homes/my301/year3/Project/SoapUI-Pro-5.1.2/SoapUI-Pro-5.1.2/lib/json-20090211.jar
7f7693441000-7f769344a000 r--s 000cc000 00:30 55973932                   /homes/my301/year3/Project/SoapUI-Pro-5.1.2/SoapUI-Pro-5.1.2/lib/js-1.7R2.jar
7f769344a000-7f7693459000 r--s 00076000 00:30 55973895                   /homes/my301/year3/Project/SoapUI-Pro-5.1.2/SoapUI-Pro-5.1.2/lib/joda-time-1.6.2.jar
7f7693459000-7f769345b000 r--s 00005000 00:30 55973938                   /homes/my301/year3/Project/SoapUI-Pro-5.1.2/SoapUI-Pro-5.1.2/lib/jms-1.1.jar
7f769345b000-7f7693464000 r--s 00080000 00:30 55973960                   /homes/my301/year3/Project/SoapUI-Pro-5.1.2/SoapUI-Pro-5.1.2/lib/jhall-protection.jar
7f7693464000-7f7693474000 r--s 0013f000 00:30 55973974                   /homes/my301/year3/Project/SoapUI-Pro-5.1.2/SoapUI-Pro-5.1.2/lib/jfreechart-1.0.12.jar
7f7693474000-7f7693478000 r--s 00028000 00:30 55973887                   /homes/my301/year3/Project/SoapUI-Pro-5.1.2/SoapUI-Pro-5.1.2/lib/jetty-util-6.1.26.jar
7f7693478000-7f769347f000 r--s 0007d000 00:30 55973886                   /homes/my301/year3/Project/SoapUI-Pro-5.1.2/SoapUI-Pro-5.1.2/lib/jetty-6.1.26.jar
7f769347f000-7f7693481000 r--s 00010000 00:30 55973914                   /homes/my301/year3/Project/SoapUI-Pro-5.1.2/SoapUI-Pro-5.1.2/lib/jettison-1.2.jar
7f7693481000-7f76934a5000 r--s 00341000 00:30 55973975                   /homes/my301/year3/Project/SoapUI-Pro-5.1.2/SoapUI-Pro-5.1.2/lib/jdtcore-3.1.0.jar
7f76934a5000-7f76934a8000 r--s 00023000 00:30 55973929                   /homes/my301/year3/Project/SoapUI-Pro-5.1.2/SoapUI-Pro-5.1.2/lib/jdom-1.0.jar
7f76934a8000-7f76934ae000 r--s 00046000 00:30 55973973                   /homes/my301/year3/Project/SoapUI-Pro-5.1.2/SoapUI-Pro-5.1.2/lib/jcommon-1.0.15.jar
7f76934ae000-7f76934b2000 r--s 0003e000 00:30 55973946                   /homes/my301/year3/Project/SoapUI-Pro-5.1.2/SoapUI-Pro-5.1.2/lib/jcifs-1.2.9.jar
7f76934b2000-7f76934b5000 r--s 0001c000 00:30 55973983                   /homes/my301/year3/Project/SoapUI-Pro-5.1.2/SoapUI-Pro-5.1.2/lib/jcalendar-1.3.2.jar
7f76934b5000-7f76934b7000 r--s 00006000 00:30 55973959                   /homes/my301/year3/Project/SoapUI-Pro-5.1.2/SoapUI-Pro-5.1.2/lib/jaxrpc-protection.jar
7f76934b7000-7f76934bd000 r--s 00033000 00:30 55973927                   /homes/my301/year3/Project/SoapUI-Pro-5.1.2/SoapUI-Pro-5.1.2/lib/jaxen-1.1-beta-8.jar
7f76934bd000-7f76934c6000 r--s 00098000 00:30 55973986                   /homes/my301/year3/Project/SoapUI-Pro-5.1.2/SoapUI-Pro-5.1.2/lib/javassist-3.16.1-GA.jar
7f76934c6000-7f76934fc000 r--s 002c4000 00:30 55973965                   /homes/my301/year3/Project/SoapUI-Pro-5.1.2/SoapUI-Pro-5.1.2/lib/jasperreports-4.0.2.jar
7f76934fc000-7f769350c000 r--s 000d1000 00:30 55973988                   /homes/my301/year3/Project/SoapUI-Pro-5.1.2/SoapUI-Pro-5.1.2/lib/jackson-databind-2.1.0.jar
7f769350c000-7f7693510000 r--s 0002f000 00:30 55973990                   /homes/my301/year3/Project/SoapUI-Pro-5.1.2/SoapUI-Pro-5.1.2/lib/jackson-core-2.1.0.jar
7f7693510000-7f7693513000 r--s 00006000 00:30 55973989                   /homes/my301/year3/Project/SoapUI-Pro-5.1.2/SoapUI-Pro-5.1.2/lib/jackson-annotations-2.1.0.jar
7f7693513000-7f769351f000 r--s 00108000 00:30 55973967                   /homes/my301/year3/Project/SoapUI-Pro-5.1.2/SoapUI-Pro-5.1.2/lib/itext-2.1.7.jar
7f769351f000-7f7693533000 r--s 0009e000 00:30 55973982                   /homes/my301/year3/Project/SoapUI-Pro-5.1.2/SoapUI-Pro-5.1.2/lib/idw-1.6.1.jar
7f7693533000-7f7693535000 r--s 00005000 00:30 55973909                   /homes/my301/year3/Project/SoapUI-Pro-5.1.2/SoapUI-Pro-5.1.2/lib/httpmime-4.1.1.jar
7f7693535000-7f769353a000 r--s 0002b000 00:30 55973911                   /homes/my301/year3/Project/SoapUI-Pro-5.1.2/SoapUI-Pro-5.1.2/lib/httpcore-nio-4.1.1.jar
7f769353a000-7f769353f000 r--s 00028000 00:30 55973908                   /homes/my301/year3/Project/SoapUI-Pro-5.1.2/SoapUI-Pro-5.1.2/lib/httpcore-4.1.1.jar
7f769353f000-7f7693541000 r--s 00018000 00:30 55973910                   /homes/my301/year3/Project/SoapUI-Pro-5.1.2/SoapUI-Pro-5.1.2/lib/httpclient-cache-4.1.1.jar
7f7693541000-7f7693549000 r--s 0004e000 00:30 55973907                   /homes/my301/year3/Project/SoapUI-Pro-5.1.2/SoapUI-Pro-5.1.2/lib/httpclient-4.1.1.jar
7f7693549000-7f7693555000 r--s 000d3000 00:30 55973902                   /homes/my301/year3/Project/SoapUI-Pro-5.1.2/SoapUI-Pro-5.1.2/lib/htmlunit-core-js-2.7.jar
7f7693555000-7f7693565000 r--s 000cc000 00:30 55973896                   /homes/my301/year3/Project/SoapUI-Pro-5.1.2/SoapUI-Pro-5.1.2/lib/htmlunit-2.7.jar
7f7693565000-7f769357d000 r--s 00132000 00:30 55973939                   /homes/my301/year3/Project/SoapUI-Pro-5.1.2/SoapUI-Pro-5.1.2/lib/hermes-1.14.jar
7f769357d000-7f769357f000 r--s 00011000 00:30 55973818                   /homes/my301/year3/Project/SoapUI-Pro-5.1.2/SoapUI-Pro-5.1.2/lib/hamcrest-core-1.1.jar
7f769357f000-7f76935a8000 r--s 001ee000 00:30 55973845                   /homes/my301/year3/Project/SoapUI-Pro-5.1.2/SoapUI-Pro-5.1.2/lib/guava-14.0.jar
7f76935a8000-7f769360c000 r--s 005b1000 00:30 55973931                   /homes/my301/year3/Project/SoapUI-Pro-5.1.2/SoapUI-Pro-5.1.2/lib/groovy-all-2.1.7.jar
7f769360c000-7f769360f000 r--s 00013000 00:30 55973880                   /homes/my301/year3/Project/SoapUI-Pro-5.1.2/SoapUI-Pro-5.1.2/lib/forms-1.0.7.jar
7f769360f000-7f7693611000 r--s 00003000 00:30 55973944                   /homes/my301/year3/Project/SoapUI-Pro-5.1.2/SoapUI-Pro-5.1.2/lib/flex-messaging-remoting-1.0.jar
7f7693611000-7f7693614000 r--s 0000e000 00:30 55973943                   /homes/my301/year3/Project/SoapUI-Pro-5.1.2/SoapUI-Pro-5.1.2/lib/flex-messaging-proxy-1.0.jar
7f7693614000-7f7693616000 r--s 00004000 00:30 55973942                   /homes/my301/year3/Project/SoapUI-Pro-5.1.2/SoapUI-Pro-5.1.2/lib/flex-messaging-opt-1.0.jar
7f7693616000-7f7693621000 r--s 00093000 00:30 55973941                   /homes/my301/year3/Project/SoapUI-Pro-5.1.2/SoapUI-Pro-5.1.2/lib/flex-messaging-core-1.0.jar
7f7693621000-7f7693623000 r--s 00014000 00:30 55973940                   /homes/my301/year3/Project/SoapUI-Pro-5.1.2/SoapUI-Pro-5.1.2/lib/flex-messaging-common-1.0.jar
7f7693623000-7f7693626000 r--s 00013000 00:30 55973924                   /homes/my301/year3/Project/SoapUI-Pro-5.1.2/SoapUI-Pro-5.1.2/lib/ezmorph-1.0.5.jar
7f7693626000-7f769362b000 r--s 00048000 00:30 55973928                   /homes/my301/year3/Project/SoapUI-Pro-5.1.2/SoapUI-Pro-5.1.2/lib/dom4j-1.6.1.jar
7f769362b000-7f769362e000 r--s 0003b000 00:30 55973905                   /homes/my301/year3/Project/SoapUI-Pro-5.1.2/SoapUI-Pro-5.1.2/lib/cssparser-0.9.5.jar
7f769362e000-7f7693632000 r--s 0003c000 00:30 55973865                   /homes/my301/year3/Project/SoapUI-Pro-5.1.2/SoapUI-Pro-5.1.2/lib/commons-lang-2.4.jar
7f7693632000-7f7693636000 r--s 0002a000 00:30 55973866                   /homes/my301/year3/Project/SoapUI-Pro-5.1.2/SoapUI-Pro-5.1.2/lib/commons-io-2.4.jar
7f7693636000-7f769363c000 r--s 00045000 00:30 55973900                   /homes/my301/year3/Project/SoapUI-Pro-5.1.2/SoapUI-Pro-5.1.2/lib/commons-httpclient-3.1.jar
7f769363c000-7f769363f000 r--s 0000f000 00:30 55973980                   /homes/my301/year3/Project/SoapUI-Pro-5.1.2/SoapUI-Pro-5.1.2/lib/commons-discovery-0.2.jar
7f769363f000-7f7693643000 r--s 0001f000 00:30 55973966                   /homes/my301/year3/Project/SoapUI-Pro-5.1.2/SoapUI-Pro-5.1.2/lib/commons-digester-1.7.jar
7f7693643000-7f7693651000 r--s 0007f000 00:30 55973846                   /homes/my301/year3/Project/SoapUI-Pro-5.1.2/SoapUI-Pro-5.1.2/lib/commons-collections-3.2.1.jar
7f7693651000-7f7693675000 r--s 0016e000 00:30 55973936                   /homes/my301/year3/Project/SoapUI-Pro-5.1.2/SoapUI-Pro-5.1.2/lib/bcprov-jdk15-144.jar
7f7693675000-7f7693696000 r--s 0015a000 00:30 55973969                   /homes/my301/year3/Project/SoapUI-Pro-5.1.2/SoapUI-Pro-5.1.2/lib/bcprov-jdk14-138.jar
7f7693696000-7f76936b7000 r--s 0015a000 00:30 55973971                   /homes/my301/year3/Project/SoapUI-Pro-5.1.2/SoapUI-Pro-5.1.2/lib/bcprov-jdk14-1.38.jar
7f76936b7000-7f76936b8000 ---p 00000000 00:00 0 
7f76936b8000-7f76937b8000 rw-p 00000000 00:00 0                          [stack:25429]
7f76937b8000-7f76937bb000 ---p 00000000 00:00 0 
7f76937bb000-7f76938b9000 rw-p 00000000 00:00 0                          [stack:25428]
7f76938b9000-7f76938bc000 ---p 00000000 00:00 0 
7f76938bc000-7f76939ba000 rw-p 00000000 00:00 0                          [stack:25427]
7f76939ba000-7f76939bd000 ---p 00000000 00:00 0 
7f76939bd000-7f7693abb000 rw-p 00000000 00:00 0                          [stack:25426]
7f7693abb000-7f7693abe000 ---p 00000000 00:00 0 
7f7693abe000-7f7693bbc000 rw-p 00000000 00:00 0                          [stack:25425]
7f7693bbc000-7f7693bbf000 ---p 00000000 00:00 0 
7f7693bbf000-7f7693cbd000 rw-p 00000000 00:00 0                          [stack:25407]
7f7693cbd000-7f7693cc0000 ---p 00000000 00:00 0 
7f7693cc0000-7f7693dbe000 rw-p 00000000 00:00 0                          [stack:25406]
7f7693dbe000-7f7693dbf000 ---p 00000000 00:00 0 
7f7693dbf000-7f7693ebf000 rw-p 00000000 00:00 0                          [stack:25405]
7f7693ebf000-7f7693fc0000 rw-p 00000000 00:00 0 
7f7693fc0000-7f7698000000 rw-p 00000000 00:00 0 
7f7698000000-7f7698021000 rw-p 00000000 00:00 0 
7f7698021000-7f769c000000 ---p 00000000 00:00 0 
7f769c000000-7f769c021000 rw-p 00000000 00:00 0 
7f769c021000-7f76a0000000 ---p 00000000 00:00 0 
7f76a0000000-7f76a0021000 rw-p 00000000 00:00 0 
7f76a0021000-7f76a4000000 ---p 00000000 00:00 0 
7f76a4000000-7f76a4021000 rw-p 00000000 00:00 0 
7f76a4021000-7f76a8000000 ---p 00000000 00:00 0 
7f76a8000000-7f76a8002000 r--s 0000d000 00:30 55973877                   /homes/my301/year3/Project/SoapUI-Pro-5.1.2/SoapUI-Pro-5.1.2/lib/commons-logging-1.1.1.jar
7f76a8002000-7f76a8004000 r--s 0000a000 00:30 55973901                   /homes/my301/year3/Project/SoapUI-Pro-5.1.2/SoapUI-Pro-5.1.2/lib/commons-codec-1.3.jar
7f76a8004000-7f76a8006000 r--s 00006000 00:30 55973921                   /homes/my301/year3/Project/SoapUI-Pro-5.1.2/SoapUI-Pro-5.1.2/lib/commons-cli-1.0.jar
7f76a8006000-7f76a800b000 r--s 0002a000 00:30 55973922                   /homes/my301/year3/Project/SoapUI-Pro-5.1.2/SoapUI-Pro-5.1.2/lib/commons-beanutils-1.7.0.jar
7f76a800b000-7f76a800e000 r--s 0000d000 00:30 55973992                   /homes/my301/year3/Project/SoapUI-Pro-5.1.2/SoapUI-Pro-5.1.2/lib/client-1.0.jar
7f76a800e000-7f76a8011000 r--s 0000d000 00:30 55973950                   /homes/my301/year3/Project/SoapUI-Pro-5.1.2/SoapUI-Pro-5.1.2/lib/cajo-1.142.jar
7f76a8011000-7f76a8016000 r--s 00024000 00:30 55973884                   /homes/my301/year3/Project/SoapUI-Pro-5.1.2/SoapUI-Pro-5.1.2/lib/binding-2.0.1.jar
7f76a8016000-7f76a8017000 r--s 00005000 00:30 55973970                   /homes/my301/year3/Project/SoapUI-Pro-5.1.2/SoapUI-Pro-5.1.2/lib/bctsp-jdk14-1.38.jar
7f76a8017000-7f76a801b000 r--s 0002b000 00:30 55973968                   /homes/my301/year3/Project/SoapUI-Pro-5.1.2/SoapUI-Pro-5.1.2/lib/bcmail-jdk14-138.jar
7f76a801b000-7f76a801f000 r--s 0002b000 00:30 55973972                   /homes/my301/year3/Project/SoapUI-Pro-5.1.2/SoapUI-Pro-5.1.2/lib/bcmail-jdk14-1.38.jar
7f76a801f000-7f76a8033000 r--s 0016c000 00:30 55973957                   /homes/my301/year3/Project/SoapUI-Pro-5.1.2/SoapUI-Pro-5.1.2/lib/axis-protection.jar
7f76a8033000-7f76a8035000 r--s 00007000 00:30 55973958                   /homes/my301/year3/Project/SoapUI-Pro-5.1.2/SoapUI-Pro-5.1.2/lib/axis-ant-protection.jar
7f76a8035000-7f76a8136000 rw-p 00000000 00:00 0 
7f76a8136000-7f76a8237000 rw-p 00000000 00:00 0 
7f76a8237000-7f76a8338000 rw-p 00000000 00:00 0 
7f76a8338000-7f76a8439000 rw-p 00000000 00:00 0 
7f76a8439000-7f76a853a000 rw-p 00000000 00:00 0 
7f76a853a000-7f76a863b000 rw-p 00000000 00:00 0 
7f76a863b000-7f76a873c000 rw-p 00000000 00:00 0 
7f76a873c000-7f76a883d000 rw-p 00000000 00:00 0 
7f76a883d000-7f76a893e000 rw-p 00000000 00:00 0 
7f76a893e000-7f76a8a3f000 rw-p 00000000 00:00 0 
7f76a8a3f000-7f76a8b40000 rw-p 00000000 00:00 0 
7f76a8b40000-7f76a8c41000 rw-p 00000000 00:00 0 
7f76a8c41000-7f76a8d42000 rw-p 00000000 00:00 0 
7f76a8d42000-7f76a8e43000 rw-p 00000000 00:00 0 
7f76a8e43000-7f76a9000000 r--s 039f9000 fd:01 150819                     /usr/java/jdk1.7.0_25/jre/lib/rt.jar
7f76a9000000-7f76a9270000 rwxp 00000000 00:00 0 
7f76a9270000-7f76ac000000 rw-p 00000000 00:00 0 
7f76ac000000-7f76acc2a000 rw-p 00000000 00:00 0 
7f76acc2a000-7f76b0000000 ---p 00000000 00:00 0 
7f76b0000000-7f76b0005000 r--s 00024000 00:30 55973991                   /homes/my301/year3/Project/SoapUI-Pro-5.1.2/SoapUI-Pro-5.1.2/lib/analyticsmonitor-3.2.61.jar
7f76b0005000-7f76b0017000 r--s 001f9000 00:30 55973956                   /homes/my301/year3/Project/SoapUI-Pro-5.1.2/SoapUI-Pro-5.1.2/lib/activeQueryBuilder-activeQueryBuilder.jar
7f76b0017000-7f76b0019000 r--s 0000e000 00:30 55973917                   /homes/my301/year3/Project/SoapUI-Pro-5.1.2/SoapUI-Pro-5.1.2/lib/activation-1.1.jar
7f76b0019000-7f76b001e000 r--s 00033000 00:30 55973964                   /homes/my301/year3/Project/SoapUI-Pro-5.1.2/SoapUI-Pro-5.1.2/lib/ProtectionPriv-4.6.jar
7f76b001e000-7f76b002d000 r--s 000f5000 00:30 55973962                   /homes/my301/year3/Project/SoapUI-Pro-5.1.2/SoapUI-Pro-5.1.2/lib/Protection-4.6.jar
7f76b002d000-7f76b004e000 rw-p 00000000 00:00 0 
7f76b004e000-7f76b006f000 rw-p 00000000 00:00 0 
7f76b006f000-7f76b0090000 rw-p 00000000 00:00 0 
7f76b0090000-7f76b00b1000 rw-p 00000000 00:00 0 
7f76b00b1000-7f76b00d2000 rw-p 00000000 00:00 0 
7f76b00d2000-7f76b0142000 rw-p 00000000 00:00 0 
7f76b0142000-7f76b016a000 rw-p 00000000 00:00 0 
7f76b016a000-7f76b117a000 rw-p 00000000 00:00 0 
7f76b117a000-7f76b117b000 ---p 00000000 00:00 0 
7f76b117b000-7f76b127b000 rw-p 00000000 00:00 0                          [stack:25402]
7f76b127b000-7f76b127c000 ---p 00000000 00:00 0 
7f76b127c000-7f76b137c000 rw-p 00000000 00:00 0                          [stack:25401]
7f76b137c000-7f76b137d000 ---p 00000000 00:00 0 
7f76b137d000-7f76b147d000 rw-p 00000000 00:00 0                          [stack:25400]
7f76b147d000-7f76b147e000 ---p 00000000 00:00 0 
7f76b147e000-7f76b157e000 rw-p 00000000 00:00 0                          [stack:25399]
7f76b157e000-7f76b15a8000 rw-p 00000000 00:00 0 
7f76b15a8000-7f76b1810000 rw-p 00000000 00:00 0 
7f76b1810000-7f76b181b000 rw-p 00000000 00:00 0 
7f76b181b000-7f76b181c000 rw-p 00000000 00:00 0 
7f76b181c000-7f76b181d000 rw-p 00000000 00:00 0 
7f76b181d000-7f76b181e000 rw-p 00000000 00:00 0 
7f76b181e000-7f76b1839000 rw-p 00000000 00:00 0 
7f76b1839000-7f76b1863000 rw-p 00000000 00:00 0 
7f76b1863000-7f76b1acb000 rw-p 00000000 00:00 0 
7f76b1acb000-7f76b1ae0000 rw-p 00000000 00:00 0 
7f76b1ae0000-7f76b1aef000 rw-p 00000000 00:00 0 
7f76b1aef000-7f76b1c14000 rw-p 00000000 00:00 0 
7f76b1c14000-7f76b1c15000 rw-p 00000000 00:00 0 
7f76b1c15000-7f76b1c30000 r-xp 00000000 fd:01 150604                     /usr/java/jdk1.7.0_25/jre/lib/amd64/libzip.so
7f76b1c30000-7f76b1e2f000 ---p 0001b000 fd:01 150604                     /usr/java/jdk1.7.0_25/jre/lib/amd64/libzip.so
7f76b1e2f000-7f76b1e30000 rw-p 0001a000 fd:01 150604                     /usr/java/jdk1.7.0_25/jre/lib/amd64/libzip.so
7f76b1e30000-7f76b24ae000 r--s 00000000 fd:01 1317513                    /var/lib/sss/mc/passwd
7f76b24ae000-7f76b24b6000 r-xp 00000000 fd:01 1843474                    /usr/lib64/libnss_sss.so.2
7f76b24b6000-7f76b26b5000 ---p 00008000 fd:01 1843474                    /usr/lib64/libnss_sss.so.2
7f76b26b5000-7f76b26b6000 r--p 00007000 fd:01 1843474                    /usr/lib64/libnss_sss.so.2
7f76b26b6000-7f76b26b7000 rw-p 00008000 fd:01 1843474                    /usr/lib64/libnss_sss.so.2
7f76b26b7000-7f76b26c3000 r-xp 00000000 fd:01 1835990                    /usr/lib64/libnss_files-2.18.so
7f76b26c3000-7f76b28c2000 ---p 0000c000 fd:01 1835990                    /usr/lib64/libnss_files-2.18.so
7f76b28c2000-7f76b28c3000 r--p 0000b000 fd:01 1835990                    /usr/lib64/libnss_files-2.18.so
7f76b28c3000-7f76b28c4000 rw-p 0000c000 fd:01 1835990                    /usr/lib64/libnss_files-2.18.so
7f76b28c4000-7f76b28ed000 r-xp 00000000 fd:01 150573                     /usr/java/jdk1.7.0_25/jre/lib/amd64/libjava.so
7f76b28ed000-7f76b2aed000 ---p 00029000 fd:01 150573                     /usr/java/jdk1.7.0_25/jre/lib/amd64/libjava.so
7f76b2aed000-7f76b2aef000 rw-p 00029000 fd:01 150573                     /usr/java/jdk1.7.0_25/jre/lib/amd64/libjava.so
7f76b2aef000-7f76b2afc000 r-xp 00000000 fd:01 150603                     /usr/java/jdk1.7.0_25/jre/lib/amd64/libverify.so
7f76b2afc000-7f76b2cfb000 ---p 0000d000 fd:01 150603                     /usr/java/jdk1.7.0_25/jre/lib/amd64/libverify.so
7f76b2cfb000-7f76b2cfd000 rw-p 0000c000 fd:01 150603                     /usr/java/jdk1.7.0_25/jre/lib/amd64/libverify.so
7f76b2cfd000-7f76b2d04000 r-xp 00000000 fd:01 1836002                    /usr/lib64/librt-2.18.so
7f76b2d04000-7f76b2f03000 ---p 00007000 fd:01 1836002                    /usr/lib64/librt-2.18.so
7f76b2f03000-7f76b2f04000 r--p 00006000 fd:01 1836002                    /usr/lib64/librt-2.18.so
7f76b2f04000-7f76b2f05000 rw-p 00007000 fd:01 1836002                    /usr/lib64/librt-2.18.so
7f76b2f05000-7f76b300a000 r-xp 00000000 fd:01 1835980                    /usr/lib64/libm-2.18.so
7f76b300a000-7f76b320a000 ---p 00105000 fd:01 1835980                    /usr/lib64/libm-2.18.so
7f76b320a000-7f76b320b000 r--p 00105000 fd:01 1835980                    /usr/lib64/libm-2.18.so
7f76b320b000-7f76b320c000 rw-p 00106000 fd:01 1835980                    /usr/lib64/libm-2.18.so
7f76b320c000-7f76b3c4d000 r-xp 00000000 fd:01 150608                     /usr/java/jdk1.7.0_25/jre/lib/amd64/server/libjvm.so
7f76b3c4d000-7f76b3e4d000 ---p 00a41000 fd:01 150608                     /usr/java/jdk1.7.0_25/jre/lib/amd64/server/libjvm.so
7f76b3e4d000-7f76b3ef0000 rw-p 00a41000 fd:01 150608                     /usr/java/jdk1.7.0_25/jre/lib/amd64/server/libjvm.so
7f76b3ef0000-7f76b3f2c000 rw-p 00000000 00:00 0 
7f76b3f2c000-7f76b40e0000 r-xp 00000000 fd:01 1835972                    /usr/lib64/libc-2.18.so
7f76b40e0000-7f76b42e0000 ---p 001b4000 fd:01 1835972                    /usr/lib64/libc-2.18.so
7f76b42e0000-7f76b42e4000 r--p 001b4000 fd:01 1835972                    /usr/lib64/libc-2.18.so
7f76b42e4000-7f76b42e6000 rw-p 001b8000 fd:01 1835972                    /usr/lib64/libc-2.18.so
7f76b42e6000-7f76b42eb000 rw-p 00000000 00:00 0 
7f76b42eb000-7f76b42ee000 r-xp 00000000 fd:01 1835978                    /usr/lib64/libdl-2.18.so
7f76b42ee000-7f76b44ed000 ---p 00003000 fd:01 1835978                    /usr/lib64/libdl-2.18.so
7f76b44ed000-7f76b44ee000 r--p 00002000 fd:01 1835978                    /usr/lib64/libdl-2.18.so
7f76b44ee000-7f76b44ef000 rw-p 00003000 fd:01 1835978                    /usr/lib64/libdl-2.18.so
7f76b44ef000-7f76b4505000 r-xp 00000000 fd:01 150555                     /usr/java/jdk1.7.0_25/jre/lib/amd64/jli/libjli.so
7f76b4505000-7f76b4705000 ---p 00016000 fd:01 150555                     /usr/java/jdk1.7.0_25/jre/lib/amd64/jli/libjli.so
7f76b4705000-7f76b4706000 rw-p 00016000 fd:01 150555                     /usr/java/jdk1.7.0_25/jre/lib/amd64/jli/libjli.so
7f76b4706000-7f76b471e000 r-xp 00000000 fd:01 1835998                    /usr/lib64/libpthread-2.18.so
7f76b471e000-7f76b491d000 ---p 00018000 fd:01 1835998                    /usr/lib64/libpthread-2.18.so
7f76b491d000-7f76b491e000 r--p 00017000 fd:01 1835998                    /usr/lib64/libpthread-2.18.so
7f76b491e000-7f76b491f000 rw-p 00018000 fd:01 1835998                    /usr/lib64/libpthread-2.18.so
7f76b491f000-7f76b4923000 rw-p 00000000 00:00 0 
7f76b4923000-7f76b4943000 r-xp 00000000 fd:01 1835965                    /usr/lib64/ld-2.18.so
7f76b4943000-7f76b494d000 rw-p 00000000 00:00 0 
7f76b494d000-7f76b4a03000 rw-p 00000000 00:00 0 
7f76b4a03000-7f76b4a06000 ---p 00000000 00:00 0 
7f76b4a06000-7f76b4b04000 rw-p 00000000 00:00 0                          [stack:25398]
7f76b4b04000-7f76b4b06000 rw-p 00000000 00:00 0 
7f76b4b06000-7f76b4b07000 rw-p 00000000 00:00 0 
7f76b4b07000-7f76b4b08000 rw-p 00000000 00:00 0 
7f76b4b08000-7f76b4b09000 r--s 00002000 00:30 55973878                   /homes/my301/year3/Project/SoapUI-Pro-5.1.2/SoapUI-Pro-5.1.2/lib/analytics-core-5.1.0.jar
7f76b4b09000-7f76b4b0e000 r--s 004de000 00:30 55973963                   /homes/my301/year3/Project/SoapUI-Pro-5.1.2/SoapUI-Pro-5.1.2/lib/ProtectionHelp-4.6.jar
7f76b4b0e000-7f76b4b19000 rw-p 00000000 00:00 0 
7f76b4b19000-7f76b4b1a000 rw-p 00000000 00:00 0 
7f76b4b1a000-7f76b4b1b000 rw-p 00000000 00:00 0 
7f76b4b1b000-7f76b4b1c000 rw-p 00000000 00:00 0 
7f76b4b1c000-7f76b4b37000 rw-p 00000000 00:00 0 
7f76b4b37000-7f76b4b3f000 rw-s 00000000 00:21 242469                     /tmp/hsperfdata_my301/25394
7f76b4b3f000-7f76b4b40000 rw-p 00000000 00:00 0 
7f76b4b40000-7f76b4b41000 r--p 00000000 00:00 0 
7f76b4b41000-7f76b4b42000 rw-p 00000000 00:00 0 
7f76b4b42000-7f76b4b43000 r--p 0001f000 fd:01 1835965                    /usr/lib64/ld-2.18.so
7f76b4b43000-7f76b4b44000 rw-p 00020000 fd:01 1835965                    /usr/lib64/ld-2.18.so
7f76b4b44000-7f76b4b45000 rw-p 00000000 00:00 0 
7ffffd7e5000-7ffffd809000 rw-p 00000000 00:00 0                          [stack]
7ffffd9a4000-7ffffd9a6000 r-xp 00000000 00:00 0                          [vdso]
ffffffffff600000-ffffffffff601000 r-xp 00000000 00:00 0                  [vsyscall]

VM Arguments:
jvm_args: -Dfile.encoding=UTF-8 
java_command: final_year_project_SoupUI_V1.Wsdl_Parsing
Launcher Type: SUN_STANDARD

Environment Variables:
JAVA_HOME=/usr/java/latest
CLASSPATH=/usr/local/java/jar/acm.jar:/usr/local/java/jar/hansen.jar:/usr/local/java/jar/mysql-connector-java-3.1.7-bin.jar:/usr/local/java/jar/postgresql-8.0-310.jdbc3.jar:/usr/local/java/jar/twitter4j-core-2.2.5.jar:/usr/local/java/jar/xerces.jar:.
PATH=/usr/lib64/openmpi/bin:/usr/local/bin:/opt/eecs/bin:/bin:/usr/bin:/sbin:/usr/sbin:/usr/local/sbin:/usr/lib64/qt-3.3/bin:/usr/libexec/lightdm
LD_LIBRARY_PATH=/usr/java/latest/jre/lib/amd64:/usr/java/latest/jre/lib/i386:/usr/lib64/openmpi/lib
SHELL=/bin/bash
DISPLAY=:0

Signal Handlers:
SIGSEGV: [libjvm.so+0x8a26a0], sa_mask[0]=0x7ffbfeff, sa_flags=0x10000004
SIGBUS: [libjvm.so+0x8a26a0], sa_mask[0]=0x7ffbfeff, sa_flags=0x10000004
SIGFPE: [libjvm.so+0x73f3d0], sa_mask[0]=0x7ffbfeff, sa_flags=0x10000004
SIGPIPE: [libjvm.so+0x73f3d0], sa_mask[0]=0x7ffbfeff, sa_flags=0x10000004
SIGXFSZ: [libjvm.so+0x73f3d0], sa_mask[0]=0x7ffbfeff, sa_flags=0x10000004
SIGILL: [libjvm.so+0x73f3d0], sa_mask[0]=0x7ffbfeff, sa_flags=0x10000004
SIGUSR1: SIG_DFL, sa_mask[0]=0x00000000, sa_flags=0x00000000
SIGUSR2: [libjvm.so+0x73ed20], sa_mask[0]=0x00000004, sa_flags=0x10000004
SIGHUP: [libjvm.so+0x7410b0], sa_mask[0]=0x7ffbfeff, sa_flags=0x10000004
SIGINT: SIG_IGN, sa_mask[0]=0x00000000, sa_flags=0x00000000
SIGTERM: [libjvm.so+0x7410b0], sa_mask[0]=0x7ffbfeff, sa_flags=0x10000004
SIGQUIT: [libjvm.so+0x7410b0], sa_mask[0]=0x7ffbfeff, sa_flags=0x10000004


---------------  S Y S T E M  ---------------

OS:Fedora release 20 (Heisenbug)

uname:Linux 3.12.6-300.fc20.x86_64 #1 SMP Mon Dec 23 16:44:31 UTC 2013 x86_64
libc:glibc 2.18 NPTL 2.18 
rlimit: STACK 8192k, CORE 0k, NPROC 1024, NOFILE 4096, AS infinity
load average:0.40 0.19 0.16

/proc/meminfo:
MemTotal:        8083004 kB
MemFree:         2073544 kB
Buffers:           85208 kB
Cached:          3478232 kB
SwapCached:            0 kB
Active:          2635804 kB
Inactive:        3040608 kB
Active(anon):    1638832 kB
Inactive(anon):   606588 kB
Active(file):     996972 kB
Inactive(file):  2434020 kB
Unevictable:          32 kB
Mlocked:              32 kB
SwapTotal:      10485756 kB
SwapFree:       10485756 kB
Dirty:              2180 kB
Writeback:             8 kB
AnonPages:       2113508 kB
Mapped:           216628 kB
Shmem:            132092 kB
Slab:             190252 kB
SReclaimable:     138672 kB
SUnreclaim:        51580 kB
KernelStack:        7040 kB
PageTables:        26088 kB
NFS_Unstable:          0 kB
Bounce:                0 kB
WritebackTmp:          0 kB
CommitLimit:    14527256 kB
Committed_AS:    5248332 kB
VmallocTotal:   34359738367 kB
VmallocUsed:      381076 kB
VmallocChunk:   34359352900 kB
HardwareCorrupted:     0 kB
AnonHugePages:    995328 kB
HugePages_Total:       0
HugePages_Free:        0
HugePages_Rsvd:        0
HugePages_Surp:        0
Hugepagesize:       2048 kB
DirectMap4k:      108332 kB
DirectMap2M:     8185856 kB


CPU:total 4 (4 cores per cpu, 1 threads per core) family 6 model 42 stepping 7, cmov, cx8, fxsr, mmx, sse, sse2, sse3, ssse3, sse4.1, sse4.2, popcnt, avx, tsc, tscinvbit

/proc/cpuinfo:
processor	: 0
vendor_id	: GenuineIntel
cpu family	: 6
model		: 42
model name	: Intel(R) Core(TM) i5-2500K CPU @ 3.30GHz
stepping	: 7
microcode	: 0x29
cpu MHz		: 3401.191
cache size	: 6144 KB
physical id	: 0
siblings	: 4
core id		: 0
cpu cores	: 4
apicid		: 0
initial apicid	: 0
fpu		: yes
fpu_exception	: yes
cpuid level	: 13
wp		: yes
flags		: fpu vme de pse tsc msr pae mce cx8 apic sep mtrr pge mca cmov pat pse36 clflush dts acpi mmx fxsr sse sse2 ss ht tm pbe syscall nx rdtscp lm constant_tsc arch_perfmon pebs bts rep_good nopl xtopology nonstop_tsc aperfmperf eagerfpu pni pclmulqdq dtes64 monitor ds_cpl vmx est tm2 ssse3 cx16 xtpr pdcm pcid sse4_1 sse4_2 popcnt tsc_deadline_timer aes xsave avx lahf_lm ida arat epb xsaveopt pln pts dtherm tpr_shadow vnmi flexpriority ept vpid
bogomips	: 6584.98
clflush size	: 64
cache_alignment	: 64
address sizes	: 36 bits physical, 48 bits virtual
power management:

processor	: 1
vendor_id	: GenuineIntel
cpu family	: 6
model		: 42
model name	: Intel(R) Core(TM) i5-2500K CPU @ 3.30GHz
stepping	: 7
microcode	: 0x29
cpu MHz		: 3401.964
cache size	: 6144 KB
physical id	: 0
siblings	: 4
core id		: 1
cpu cores	: 4
apicid		: 2
initial apicid	: 2
fpu		: yes
fpu_exception	: yes
cpuid level	: 13
wp		: yes
flags		: fpu vme de pse tsc msr pae mce cx8 apic sep mtrr pge mca cmov pat pse36 clflush dts acpi mmx fxsr sse sse2 ss ht tm pbe syscall nx rdtscp lm constant_tsc arch_perfmon pebs bts rep_good nopl xtopology nonstop_tsc aperfmperf eagerfpu pni pclmulqdq dtes64 monitor ds_cpl vmx est tm2 ssse3 cx16 xtpr pdcm pcid sse4_1 sse4_2 popcnt tsc_deadline_timer aes xsave avx lahf_lm ida arat epb xsaveopt pln pts dtherm tpr_shadow vnmi flexpriority ept vpid
bogomips	: 6584.98
clflush size	: 64
cache_alignment	: 64
address sizes	: 36 bits physical, 48 bits virtual
power management:

processor	: 2
vendor_id	: GenuineIntel
cpu family	: 6
model		: 42
model name	: Intel(R) Core(TM) i5-2500K CPU @ 3.30GHz
stepping	: 7
microcode	: 0x29
cpu MHz		: 3405.445
cache size	: 6144 KB
physical id	: 0
siblings	: 4
core id		: 2
cpu cores	: 4
apicid		: 4
initial apicid	: 4
fpu		: yes
fpu_exception	: yes
cpuid level	: 13
wp		: yes
flags		: fpu vme de pse tsc msr pae mce cx8 apic sep mtrr pge mca cmov pat pse36 clflush dts acpi mmx fxsr sse sse2 ss ht tm pbe syscall nx rdtscp lm constant_tsc arch_perfmon pebs bts rep_good nopl xtopology nonstop_tsc aperfmperf eagerfpu pni pclmulqdq dtes64 monitor ds_cpl vmx est tm2 ssse3 cx16 xtpr pdcm pcid sse4_1 sse4_2 popcnt tsc_deadline_timer aes xsave avx lahf_lm ida arat epb xsaveopt pln pts dtherm tpr_shadow vnmi flexpriority ept vpid
bogomips	: 6584.98
clflush size	: 64
cache_alignment	: 64
address sizes	: 36 bits physical, 48 bits virtual
power management:

processor	: 3
vendor_id	: GenuineIntel
cpu family	: 6
model		: 42
model name	: Intel(R) Core(TM) i5-2500K CPU @ 3.30GHz
stepping	: 7
microcode	: 0x29
cpu MHz		: 3403.898
cache size	: 6144 KB
physical id	: 0
siblings	: 4
core id		: 3
cpu cores	: 4
apicid		: 6
initial apicid	: 6
fpu		: yes
fpu_exception	: yes
cpuid level	: 13
wp		: yes
flags		: fpu vme de pse tsc msr pae mce cx8 apic sep mtrr pge mca cmov pat pse36 clflush dts acpi mmx fxsr sse sse2 ss ht tm pbe syscall nx rdtscp lm constant_tsc arch_perfmon pebs bts rep_good nopl xtopology nonstop_tsc aperfmperf eagerfpu pni pclmulqdq dtes64 monitor ds_cpl vmx est tm2 ssse3 cx16 xtpr pdcm pcid sse4_1 sse4_2 popcnt tsc_deadline_timer aes xsave avx lahf_lm ida arat epb xsaveopt pln pts dtherm tpr_shadow vnmi flexpriority ept vpid
bogomips	: 6584.98
clflush size	: 64
cache_alignment	: 64
address sizes	: 36 bits physical, 48 bits virtual
power management:



Memory: 4k page, physical 8083004k(2073544k free), swap 10485756k(10485756k free)

vm_info: Java HotSpot(TM) 64-Bit Server VM (23.25-b01) for linux-amd64 JRE (1.7.0_25-b15), built on Jun  5 2013 20:48:36 by "java_re" with gcc 4.3.0 20080428 (Red Hat 4.3.0-8)

time: Mon Nov 10 13:15:42 2014
elapsed time: 9821 seconds

