2014-11-11 18:12:56,907 WARN  [SoapUI] Missing folder [/homes/my301/year2/Software engineering/new/Final_year_project_v1/ext] for external libraries
2014-11-11 18:12:56,907 INFO  [DefaultSoapUICore] Creating new settings at [/homes/my301/soapui-settings.xml]
2014-11-11 18:12:57,674 INFO  [SchemaUtils] Added default schema from file:/homes/my301/year3/Project/SoapUI-Pro-5.1.2/SoapUI-Pro-5.1.2/lib/soapui-5.1.2.jar!/com/eviware/soapui/resources/xsds/xop.xsd with targetNamespace http://www.w3.org/2004/08/xop/include
2014-11-11 18:12:57,714 INFO  [SchemaUtils] Added default schema from file:/homes/my301/year3/Project/SoapUI-Pro-5.1.2/SoapUI-Pro-5.1.2/lib/soapui-5.1.2.jar!/com/eviware/soapui/resources/xsds/XMLSchema.xsd with targetNamespace http://www.w3.org/2001/XMLSchema
2014-11-11 18:12:57,716 INFO  [SchemaUtils] Added default schema from file:/homes/my301/year3/Project/SoapUI-Pro-5.1.2/SoapUI-Pro-5.1.2/lib/soapui-5.1.2.jar!/com/eviware/soapui/resources/xsds/xml.xsd with targetNamespace http://www.w3.org/XML/1998/namespace
2014-11-11 18:12:57,717 INFO  [SchemaUtils] Added default schema from file:/homes/my301/year3/Project/SoapUI-Pro-5.1.2/SoapUI-Pro-5.1.2/lib/soapui-5.1.2.jar!/com/eviware/soapui/resources/xsds/swaref.xsd with targetNamespace http://ws-i.org/profiles/basic/1.1/xsd
2014-11-11 18:12:57,718 INFO  [SchemaUtils] Added default schema from file:/homes/my301/year3/Project/SoapUI-Pro-5.1.2/SoapUI-Pro-5.1.2/lib/soapui-5.1.2.jar!/com/eviware/soapui/resources/xsds/xmime200505.xsd with targetNamespace http://www.w3.org/2005/05/xmlmime
2014-11-11 18:12:57,719 INFO  [SchemaUtils] Added default schema from file:/homes/my301/year3/Project/SoapUI-Pro-5.1.2/SoapUI-Pro-5.1.2/lib/soapui-5.1.2.jar!/com/eviware/soapui/resources/xsds/xmime200411.xsd with targetNamespace http://www.w3.org/2004/11/xmlmime
2014-11-11 18:12:57,721 INFO  [SchemaUtils] Added default schema from file:/homes/my301/year3/Project/SoapUI-Pro-5.1.2/SoapUI-Pro-5.1.2/lib/soapui-5.1.2.jar!/com/eviware/soapui/resources/xsds/soapEnvelope.xsd with targetNamespace http://schemas.xmlsoap.org/soap/envelope/
2014-11-11 18:12:57,727 INFO  [SchemaUtils] Added default schema from file:/homes/my301/year3/Project/SoapUI-Pro-5.1.2/SoapUI-Pro-5.1.2/lib/soapui-5.1.2.jar!/com/eviware/soapui/resources/xsds/soapEncoding.xsd with targetNamespace http://schemas.xmlsoap.org/soap/encoding/
2014-11-11 18:12:57,729 INFO  [SchemaUtils] Added default schema from file:/homes/my301/year3/Project/SoapUI-Pro-5.1.2/SoapUI-Pro-5.1.2/lib/soapui-5.1.2.jar!/com/eviware/soapui/resources/xsds/soapEnvelope12.xsd with targetNamespace http://www.w3.org/2003/05/soap-envelope
2014-11-11 18:12:57,735 INFO  [SchemaUtils] Added default schema from file:/homes/my301/year3/Project/SoapUI-Pro-5.1.2/SoapUI-Pro-5.1.2/lib/soapui-5.1.2.jar!/com/eviware/soapui/resources/xsds/soapEncoding12.xsd with targetNamespace http://www.w3.org/2003/05/soap-encoding
2014-11-11 18:12:58,685 INFO  [SchemaUtils] Loading schema types from [http://www.webservicex.net/geoipservice.asmx?WSDL]
2014-11-11 18:12:58,686 INFO  [SchemaUtils] Getting schema http://www.webservicex.net/geoipservice.asmx?WSDL
2014-11-11 18:12:58,927 INFO  [WsdlImporter] Finding importer for {http://www.webservicex.net/}GeoIPServiceHttpPost
2014-11-11 18:12:58,929 INFO  [WsdlImporter] Missing importer for {http://www.webservicex.net/}GeoIPServiceHttpPost
2014-11-11 18:12:58,929 INFO  [WsdlImporter] Finding importer for {http://www.webservicex.net/}GeoIPServiceHttpGet
2014-11-11 18:12:58,929 INFO  [WsdlImporter] Missing importer for {http://www.webservicex.net/}GeoIPServiceHttpGet
2014-11-11 18:12:58,930 INFO  [WsdlImporter] Finding importer for {http://www.webservicex.net/}GeoIPServiceSoap
2014-11-11 18:12:58,930 INFO  [WsdlImporter] Importing binding {http://www.webservicex.net/}GeoIPServiceSoap
2014-11-11 18:12:58,943 INFO  [Soap11HttpBindingImporter] importing endpoint http://www.webservicex.net/geoipservice.asmx
2014-11-11 18:12:58,972 INFO  [Soap11HttpBindingImporter] importing operation GetGeoIP
2014-11-11 18:12:58,981 INFO  [Soap11HttpBindingImporter] importing operation GetGeoIPContext
2014-11-11 18:12:59,027 INFO  [WsdlImporter] Finding importer for {http://www.webservicex.net/}GeoIPServiceSoap12
2014-11-11 18:12:59,027 INFO  [WsdlImporter] Importing binding {http://www.webservicex.net/}GeoIPServiceSoap12
2014-11-11 18:12:59,027 INFO  [Soap12HttpBindingImporter] importing endpoint http://www.webservicex.net/geoipservice.asmx
2014-11-11 18:12:59,028 INFO  [Soap12HttpBindingImporter] importing operation GetGeoIP
2014-11-11 18:12:59,028 INFO  [Soap12HttpBindingImporter] importing operation GetGeoIPContext
2014-11-11 18:12:59,029 INFO  [WsdlImporter] Finding importer for {http://www.webservicex.net/}GeoIPServiceHttpGet
2014-11-11 18:12:59,029 INFO  [WsdlImporter] Missing importer for {http://www.webservicex.net/}GeoIPServiceHttpGet
2014-11-11 18:12:59,029 INFO  [WsdlImporter] Finding importer for {http://www.webservicex.net/}GeoIPServiceHttpPost
2014-11-11 18:12:59,029 INFO  [WsdlImporter] Missing importer for {http://www.webservicex.net/}GeoIPServiceHttpPost
